Unity Editor version:    2021.3.6f1 (7da38d85baf6)
Branch:                  2021.3/staging
Build type:              Release
Batch mode:              YES
macOS version:           Version 12.2.1 (Build 21D62)
Darwin version:          21.3.0
Architecture:            arm64
Running under Rosetta:   NO
Available memory:        16384 MB
Using pre-set license
Pro License: YES

COMMAND LINE ARGUMENTS:
/Applications/Unity/Hub/Editor/2021.3.6f1/Unity.app/Contents/MacOS/Unity
-adb2
-batchMode
-noUpm
-name
AssetImportWorker0
-projectPath
/Users/bangseunghwan/Documents/GitHub/Voxel_Fishing/Voxel Fishing
-logFile
Logs/AssetImportWorker0.log
-srvPort
51976
Successfully changed project path to: /Users/bangseunghwan/Documents/GitHub/Voxel_Fishing/Voxel Fishing
/Users/bangseunghwan/Documents/GitHub/Voxel_Fishing/Voxel Fishing
[UnityMemory] Configuration Parameters - Can be set up in boot.config
    "memorysetup-bucket-allocator-granularity=16"
    "memorysetup-bucket-allocator-bucket-count=8"
    "memorysetup-bucket-allocator-block-size=33554432"
    "memorysetup-bucket-allocator-block-count=8"
    "memorysetup-main-allocator-block-size=16777216"
    "memorysetup-thread-allocator-block-size=16777216"
    "memorysetup-gfx-main-allocator-block-size=16777216"
    "memorysetup-gfx-thread-allocator-block-size=16777216"
    "memorysetup-cache-allocator-block-size=4194304"
    "memorysetup-typetree-allocator-block-size=2097152"
    "memorysetup-profiler-bucket-allocator-granularity=16"
    "memorysetup-profiler-bucket-allocator-bucket-count=8"
    "memorysetup-profiler-bucket-allocator-block-size=33554432"
    "memorysetup-profiler-bucket-allocator-block-count=8"
    "memorysetup-profiler-allocator-block-size=16777216"
    "memorysetup-profiler-editor-allocator-block-size=1048576"
    "memorysetup-temp-allocator-size-main=16777216"
    "memorysetup-job-temp-allocator-block-size=2097152"
    "memorysetup-job-temp-allocator-block-size-background=1048576"
    "memorysetup-job-temp-allocator-reduction-small-platforms=262144"
    "memorysetup-temp-allocator-size-background-worker=32768"
    "memorysetup-temp-allocator-size-job-worker=262144"
    "memorysetup-temp-allocator-size-preload-manager=33554432"
    "memorysetup-temp-allocator-size-nav-mesh-worker=65536"
    "memorysetup-temp-allocator-size-audio-worker=65536"
    "memorysetup-temp-allocator-size-cloud-worker=32768"
    "memorysetup-temp-allocator-size-gi-baking-worker=262144"
    "memorysetup-temp-allocator-size-gfx=262144"
Refreshing native plugins compatible for Editor in 80.46 ms, found 3 plugins.
Preloading 0 native plugins for Editor in 0.00 ms.
Initialize engine version: 2021.3.6f1 (7da38d85baf6)
[Subsystems] Discovering subsystems at path /Applications/Unity/Hub/Editor/2021.3.6f1/Unity.app/Contents/Resources/UnitySubsystems
[Subsystems] Discovering subsystems at path /Users/bangseunghwan/Documents/GitHub/Voxel_Fishing/Voxel Fishing/Assets
GfxDevice: creating device client; threaded=0; jobified=0
 preferred device: Apple M1 (high power)
Metal devices available: 1
0: Apple M1 (high power)
Using device Apple M1 (high power)
Initializing Metal device caps: Apple M1
Initialize mono
Mono path[0] = '/Applications/Unity/Hub/Editor/2021.3.6f1/Unity.app/Contents/Managed'
Mono path[1] = '/Applications/Unity/Hub/Editor/2021.3.6f1/Unity.app/Contents/MonoBleedingEdge/lib/mono/unityjit-macos'
Mono config path = '/Applications/Unity/Hub/Editor/2021.3.6f1/Unity.app/Contents/MonoBleedingEdge/etc'
Using monoOptions --debugger-agent=transport=dt_socket,embedding=1,server=y,suspend=n,address=127.0.0.1:56548
Begin MonoManager ReloadAssembly
Registering precompiled unity dll's ...
Register platform support module: /Applications/Unity/Hub/Editor/2021.3.6f1/Unity.app/Contents/PlaybackEngines/MacStandaloneSupport/UnityEditor.OSXStandalone.Extensions.dll
Register platform support module: /Applications/Unity/Hub/Editor/2021.3.6f1/PlaybackEngines/AndroidPlayer/UnityEditor.Android.Extensions.dll
Register platform support module: /Applications/Unity/Hub/Editor/2021.3.6f1/PlaybackEngines/iOSSupport/UnityEditor.iOS.Extensions.dll
Registered in 0.000644 seconds.
[usbmuxd] Start listen thread
[usbmuxd] Listen thread started
[usbmuxd] Send listen message
Native extension for iOS target not found
Native extension for Android target not found
Native extension for OSXStandalone target not found
Refreshing native plugins compatible for Editor in 89.49 ms, found 3 plugins.
Preloading 0 native plugins for Editor in 0.00 ms.
Mono: successfully reloaded assembly
- Completed reload, in  0.436 seconds
Domain Reload Profiling:
	ReloadAssembly (436ms)
		BeginReloadAssembly (30ms)
			ExecutionOrderSort (0ms)
			DisableScriptedObjects (0ms)
			BackupInstance (0ms)
			ReleaseScriptingObjects (0ms)
			CreateAndSetChildDomain (0ms)
		EndReloadAssembly (346ms)
			LoadAssemblies (29ms)
			RebuildTransferFunctionScriptingTraits (0ms)
			SetupTypeCache (68ms)
			ReleaseScriptCaches (0ms)
			RebuildScriptCaches (19ms)
			SetupLoadedEditorAssemblies (233ms)
				LogAssemblyErrors (0ms)
				InitializePlatformSupportModulesInManaged (67ms)
				SetLoadedEditorAssemblies (0ms)
				RefreshPlugins (90ms)
				BeforeProcessingInitializeOnLoad (1ms)
				ProcessInitializeOnLoadAttributes (51ms)
				ProcessInitializeOnLoadMethodAttributes (25ms)
				AfterProcessingInitializeOnLoad (0ms)
				EditorAssembliesLoaded (0ms)
			ExecutionOrderSort2 (0ms)
			AwakeInstancesAfterBackupRestoration (0ms)
Platform modules already initialized, skipping
Registering precompiled user dll's ...
Registered in 0.001530 seconds.
Android Extension - Scanning For ADB Devices 550 ms
Begin MonoManager ReloadAssembly
Symbol file LoadedFromMemory doesn't match image /Users/bangseunghwan/Documents/GitHub/Voxel_Fishing/Voxel Fishing/Library/PackageCache/com.unity.visualscripting@1.7.8/Editor/VisualScripting.Core/Dependencies/YamlDotNet/Unity.VisualScripting.YamlDotNet.dll
Symbol file LoadedFromMemory doesn't match image /Users/bangseunghwan/Documents/GitHub/Voxel_Fishing/Voxel Fishing/Library/PackageCache/com.unity.visualscripting@1.7.8/Editor/VisualScripting.Core/Dependencies/DotNetZip/Unity.VisualScripting.IonicZip.dll
Native extension for iOS target not found
Native extension for Android target not found
Native extension for OSXStandalone target not found
Refreshing native plugins compatible for Editor in 83.83 ms, found 3 plugins.
Preloading 0 native plugins for Editor in 0.00 ms.
Mono: successfully reloaded assembly
- Completed reload, in  0.807 seconds
Domain Reload Profiling:
	ReloadAssembly (807ms)
		BeginReloadAssembly (58ms)
			ExecutionOrderSort (0ms)
			DisableScriptedObjects (3ms)
			BackupInstance (0ms)
			ReleaseScriptingObjects (0ms)
			CreateAndSetChildDomain (14ms)
		EndReloadAssembly (682ms)
			LoadAssemblies (39ms)
			RebuildTransferFunctionScriptingTraits (0ms)
			SetupTypeCache (187ms)
			ReleaseScriptCaches (5ms)
			RebuildScriptCaches (45ms)
			SetupLoadedEditorAssemblies (379ms)
				LogAssemblyErrors (0ms)
				InitializePlatformSupportModulesInManaged (13ms)
				SetLoadedEditorAssemblies (0ms)
				RefreshPlugins (84ms)
				BeforeProcessingInitializeOnLoad (74ms)
				ProcessInitializeOnLoadAttributes (165ms)
				ProcessInitializeOnLoadMethodAttributes (42ms)
				AfterProcessingInitializeOnLoad (1ms)
				EditorAssembliesLoaded (0ms)
			ExecutionOrderSort2 (0ms)
			AwakeInstancesAfterBackupRestoration (2ms)
Platform modules already initialized, skipping
========================================================================
Worker process is ready to serve import requests
Launching external process: /Applications/Unity/Hub/Editor/2021.3.6f1/Unity.app/Contents/Tools/UnityShaderCompiler
Launched and connected shader compiler UnityShaderCompiler after 0.05 seconds
Refreshing native plugins compatible for Editor in 0.51 ms, found 3 plugins.
Preloading 0 native plugins for Editor in 0.00 ms.
Unloading 5280 Unused Serialized files (Serialized files now loaded: 0)
Unloading 55 unused Assets / (420.8 KB). Loaded Objects now: 5763.
Memory consumption went from 340.0 MB to 339.6 MB.
Total: 2.735750 ms (FindLiveObjects: 0.182500 ms CreateObjectMapping: 0.063042 ms MarkObjects: 2.367209 ms  DeleteObjects: 0.122333 ms)

AssetImportParameters requested are different than current active one (requested -> active):
  custom:video-decoder-ogg-theora: a1e56fd34408186e4bbccfd4996cb3dc -> 
  custom:container-muxer-webm: aa71ff27fc2769a1b78a27578f13a17b -> 
  custom:container-demuxer-webm: 4f35f7cbe854078d1ac9338744f61a02 -> 
  custom:video-encoder-webm-vp8: eb34c28f22e8b96e1ab97ce403110664 -> 
  custom:framework-osx-AVFoundation: e770b220cccbd017edd2c1fefb359320 -> 
  custom:audio-encoder-webm-vorbis: bf7c407c2cedff20999df2af8eb42d56 -> 
  custom:container-demuxer-ogg: 62fdf1f143b41e24485cea50d1cbac27 -> 
  custom:video-decoder-webm-vp8: 9c59270c3fd7afecdb556c50c9e8de78 -> 
  custom:audio-decoder-ogg-vorbis: bf7c407c2cedff20999df2af8eb42d56 -> 
========================================================================
Received Import Request.
  Time since last request: 26431.069647 seconds.
  path: Assets/03.Prefabs/Fish/oneTier/Fish_Jun_Lv01_001.prefab
  artifactKey: Guid(4ff8829a7fbed425f91ae8efc092db21) Importer(815301076,1909f56bfc062723c751e8b465ee728b)
Start importing Assets/03.Prefabs/Fish/oneTier/Fish_Jun_Lv01_001.prefab using Guid(4ff8829a7fbed425f91ae8efc092db21) Importer(815301076,1909f56bfc062723c751e8b465ee728b)  -> (artifact id: '64616ba925c64818f8a71c7e5e343bcc') in 0.105353 seconds 
========================================================================
Received Import Request.
  Time since last request: 62.639811 seconds.
  path: Assets/03.Prefabs/Fish/threeTier/Dolphin.blend
  artifactKey: Guid(5cef50719bd7e44688243e9b012af49e) Importer(815301076,1909f56bfc062723c751e8b465ee728b)
Start importing Assets/03.Prefabs/Fish/threeTier/Dolphin.blend using Guid(5cef50719bd7e44688243e9b012af49e) Importer(815301076,1909f56bfc062723c751e8b465ee728b)  -> (artifact id: '290959d5b82124e4b86c1fc8d80de804') in 0.438547 seconds 
========================================================================
Received Import Request.
  Time since last request: 27.578832 seconds.
  path: Assets/04.Models
  artifactKey: Guid(96d2b616e51b048a3b2da9c2a2b917e6) Importer(815301076,1909f56bfc062723c751e8b465ee728b)
Start importing Assets/04.Models using Guid(96d2b616e51b048a3b2da9c2a2b917e6) Importer(815301076,1909f56bfc062723c751e8b465ee728b)  -> (artifact id: '332e5fac7d5bee6405c8a5d46cd4b7b6') in 0.000558 seconds 
========================================================================
Received Import Request.
  Time since last request: 31.463942 seconds.
  path: Assets/04.Models/LV3
  artifactKey: Guid(45ea8276facd44c708e984a55a98d4ff) Importer(815301076,1909f56bfc062723c751e8b465ee728b)
Start importing Assets/04.Models/LV3 using Guid(45ea8276facd44c708e984a55a98d4ff) Importer(815301076,1909f56bfc062723c751e8b465ee728b)  -> (artifact id: '02f25a9208b7c216034d4deed259f74e') in 0.000968 seconds 
========================================================================
Received Import Request.
  Time since last request: 0.027496 seconds.
  path: Assets/04.Models/LV3/Dolphin.blend
  artifactKey: Guid(d364c4d82bb064e95ab5417c66a64d2d) Importer(815301076,1909f56bfc062723c751e8b465ee728b)
Start importing Assets/04.Models/LV3/Dolphin.blend using Guid(d364c4d82bb064e95ab5417c66a64d2d) Importer(815301076,1909f56bfc062723c751e8b465ee728b)  -> (artifact id: 'a90efa4564bbdd5c207aef90b4e0b609') in 0.024595 seconds 
========================================================================
Received Import Request.
  Time since last request: 23.448279 seconds.
  path: Assets/04.Models/LV3/Fish mat.mat
  artifactKey: Guid(e0023086d16dc454aa51fb30aed6934d) Importer(815301076,1909f56bfc062723c751e8b465ee728b)
Start importing Assets/04.Models/LV3/Fish mat.mat using Guid(e0023086d16dc454aa51fb30aed6934d) Importer(815301076,1909f56bfc062723c751e8b465ee728b)  -> (artifact id: 'c9029c59be563bf22c626aa743977dbf') in 0.037198 seconds 
========================================================================
Received Import Request.
  Time since last request: 3.936795 seconds.
  path: Assets/04.Models/LV3/LV#.mat
  artifactKey: Guid(e0023086d16dc454aa51fb30aed6934d) Importer(815301076,1909f56bfc062723c751e8b465ee728b)
Start importing Assets/04.Models/LV3/LV#.mat using Guid(e0023086d16dc454aa51fb30aed6934d) Importer(815301076,1909f56bfc062723c751e8b465ee728b)  -> (artifact id: 'bc3f942ab9c79d1808ed7c06e09e2c29') in 0.005584 seconds 
========================================================================
Received Import Request.
  Time since last request: 3.010219 seconds.
  path: Assets/04.Models/LV3/LV3.mat
  artifactKey: Guid(e0023086d16dc454aa51fb30aed6934d) Importer(815301076,1909f56bfc062723c751e8b465ee728b)
Start importing Assets/04.Models/LV3/LV3.mat using Guid(e0023086d16dc454aa51fb30aed6934d) Importer(815301076,1909f56bfc062723c751e8b465ee728b)  -> (artifact id: '899907561248e8d3bdf9fef4d88c2445') in 0.005623 seconds 
========================================================================
Received Import Request.
  Time since last request: 6.587277 seconds.
  path: Assets/04.Models/LV4/LV4.png
  artifactKey: Guid(533377afedf924d368334cafdbd8509b) Importer(815301076,1909f56bfc062723c751e8b465ee728b)
Start importing Assets/04.Models/LV4/LV4.png using Guid(533377afedf924d368334cafdbd8509b) Importer(815301076,1909f56bfc062723c751e8b465ee728b)  -> (artifact id: '98462d1808bdb08a319f9608ee6a8299') in 0.063919 seconds 
========================================================================
Received Import Request.
  Time since last request: 0.673253 seconds.
  path: Assets/04.Models/LV4/LV3.mat
  artifactKey: Guid(7747a2bd0800c4638b32fc1284b27c9a) Importer(815301076,1909f56bfc062723c751e8b465ee728b)
Start importing Assets/04.Models/LV4/LV3.mat using Guid(7747a2bd0800c4638b32fc1284b27c9a) Importer(815301076,1909f56bfc062723c751e8b465ee728b)  -> (artifact id: 'b4fe9288179348f0393f89490df6f345') in 0.006577 seconds 
========================================================================
Received Import Request.
  Time since last request: 0.493447 seconds.
  path: Assets/04.Models/LV5/Bear fish.blend
  artifactKey: Guid(9bae8997a2c974565a7e13d1ea3dfae5) Importer(815301076,1909f56bfc062723c751e8b465ee728b)
Start importing Assets/04.Models/LV5/Bear fish.blend using Guid(9bae8997a2c974565a7e13d1ea3dfae5) Importer(815301076,1909f56bfc062723c751e8b465ee728b)  -> (artifact id: '3389ba9a6a65729a9e4d28fcf3fabe11') in 0.015954 seconds 
========================================================================
Received Import Request.
  Time since last request: 0.000139 seconds.
  path: Assets/04.Models/LV5/LV5.psd
  artifactKey: Guid(90896fe8bd1c3446285634a2c3165620) Importer(815301076,1909f56bfc062723c751e8b465ee728b)
Start importing Assets/04.Models/LV5/LV5.psd using Guid(90896fe8bd1c3446285634a2c3165620) Importer(815301076,1909f56bfc062723c751e8b465ee728b)  -> (artifact id: 'c8324a70599b6ec71da9960f9fed2422') in 0.045063 seconds 
========================================================================
Received Import Request.
  Time since last request: 7.479325 seconds.
  path: Assets/04.Models/LV5/LV5
  artifactKey: Guid(eb8526ee3b40f4a0bab7d9de61492678) Importer(815301076,1909f56bfc062723c751e8b465ee728b)
Start importing Assets/04.Models/LV5/LV5 using Guid(eb8526ee3b40f4a0bab7d9de61492678) Importer(815301076,1909f56bfc062723c751e8b465ee728b)  -> (artifact id: '25d12a366d30e4af40ec62d8141ce255') in 0.000521 seconds 
========================================================================
Received Import Request.
  Time since last request: 9.587461 seconds.
  path: Assets/04.Models/LV5/LV3.mat
  artifactKey: Guid(d868cc2ee7d944258a1737931842643b) Importer(815301076,1909f56bfc062723c751e8b465ee728b)
Start importing Assets/04.Models/LV5/LV3.mat using Guid(d868cc2ee7d944258a1737931842643b) Importer(815301076,1909f56bfc062723c751e8b465ee728b)  -> (artifact id: '0e6ddb8f544bc58bc9fcaa884de55d37') in 0.007195 seconds 
========================================================================
Received Import Request.
  Time since last request: 0.725596 seconds.
  path: Assets/04.Models/Lv6/LV6.blend
  artifactKey: Guid(eee8cbf91328c4eaabba06fb4270fe2b) Importer(815301076,1909f56bfc062723c751e8b465ee728b)
Start importing Assets/04.Models/Lv6/LV6.blend using Guid(eee8cbf91328c4eaabba06fb4270fe2b) Importer(815301076,1909f56bfc062723c751e8b465ee728b)  -> (artifact id: '507cc18bc6d0d3f630367feacfb97c20') in 0.032644 seconds 
========================================================================
Received Import Request.
  Time since last request: 0.000063 seconds.
  path: Assets/04.Models/Lv6/Lv6.psd
  artifactKey: Guid(8a6d170a30f03483c9c215255f0864d7) Importer(815301076,1909f56bfc062723c751e8b465ee728b)
Start importing Assets/04.Models/Lv6/Lv6.psd using Guid(8a6d170a30f03483c9c215255f0864d7) Importer(815301076,1909f56bfc062723c751e8b465ee728b)  -> (artifact id: '5ab2f6365e016837322039fc2b2433bb') in 0.006506 seconds 
========================================================================
Received Import Request.
  Time since last request: 0.000138 seconds.
  path: Assets/04.Models/Lv6/Lv6.png
  artifactKey: Guid(9544f4835f0594b5bb2088c33ae44baa) Importer(815301076,1909f56bfc062723c751e8b465ee728b)
Start importing Assets/04.Models/Lv6/Lv6.png using Guid(9544f4835f0594b5bb2088c33ae44baa) Importer(815301076,1909f56bfc062723c751e8b465ee728b)  -> (artifact id: '29758477b15a2d101c7e706225fc8a4f') in 0.005893 seconds 
========================================================================
Received Import Request.
  Time since last request: 0.618394 seconds.
  path: Assets/04.Models/Lv6/LV3.mat
  artifactKey: Guid(52696a6d51b9a4f8c97f9809d0573219) Importer(815301076,1909f56bfc062723c751e8b465ee728b)
Start importing Assets/04.Models/Lv6/LV3.mat using Guid(52696a6d51b9a4f8c97f9809d0573219) Importer(815301076,1909f56bfc062723c751e8b465ee728b)  -> (artifact id: 'ea42b1a84100d04fd9cc3aec8989cf26') in 0.006312 seconds 
========================================================================
Received Import Request.
  Time since last request: 4.156560 seconds.
  path: Assets/04.Models/Lv6/LV6.mat
  artifactKey: Guid(52696a6d51b9a4f8c97f9809d0573219) Importer(815301076,1909f56bfc062723c751e8b465ee728b)
Start importing Assets/04.Models/Lv6/LV6.mat using Guid(52696a6d51b9a4f8c97f9809d0573219) Importer(815301076,1909f56bfc062723c751e8b465ee728b)  -> (artifact id: '168d9f9c5d714a9c291897f850ab3648') in 0.005548 seconds 
========================================================================
Received Import Request.
  Time since last request: 16.672779 seconds.
  path: Assets/04.Models/LV5/LV5.mat
  artifactKey: Guid(d868cc2ee7d944258a1737931842643b) Importer(815301076,1909f56bfc062723c751e8b465ee728b)
Start importing Assets/04.Models/LV5/LV5.mat using Guid(d868cc2ee7d944258a1737931842643b) Importer(815301076,1909f56bfc062723c751e8b465ee728b)  -> (artifact id: '853c86d208a1d44d014f106d1aaaf10a') in 0.006239 seconds 
========================================================================
Received Import Request.
  Time since last request: 16.634466 seconds.
  path: Assets/04.Models/LV4/LV4.mat
  artifactKey: Guid(7747a2bd0800c4638b32fc1284b27c9a) Importer(815301076,1909f56bfc062723c751e8b465ee728b)
Start importing Assets/04.Models/LV4/LV4.mat using Guid(7747a2bd0800c4638b32fc1284b27c9a) Importer(815301076,1909f56bfc062723c751e8b465ee728b)  -> (artifact id: 'ea87f417517e114e149d3379ad570322') in 0.005903 seconds 
========================================================================
Received Import Request.
  Time since last request: 4.075028 seconds.
  path: Assets/04.Models/LV3/LV3.mat
  artifactKey: Guid(e0023086d16dc454aa51fb30aed6934d) Importer(815301076,1909f56bfc062723c751e8b465ee728b)
Start importing Assets/04.Models/LV3/LV3.mat using Guid(e0023086d16dc454aa51fb30aed6934d) Importer(815301076,1909f56bfc062723c751e8b465ee728b)  -> (artifact id: '2abd154c77dee39de39d15a0c76bdad6') in 0.010717 seconds 
========================================================================
Received Import Request.
  Time since last request: 2.308684 seconds.
  path: Assets/04.Models/LV3/001
  artifactKey: Guid(d805c219341734162b989771a95aac26) Importer(815301076,1909f56bfc062723c751e8b465ee728b)
Start importing Assets/04.Models/LV3/001 using Guid(d805c219341734162b989771a95aac26) Importer(815301076,1909f56bfc062723c751e8b465ee728b)  -> (artifact id: '6e976a9302c4f3181ea5012e975e6f37') in 0.001214 seconds 
========================================================================
Received Import Request.
  Time since last request: 0.032312 seconds.
  path: Assets/04.Models/LV3/001/001.blend
  artifactKey: Guid(6cec32697543a456c92b5f5171a4b332) Importer(815301076,1909f56bfc062723c751e8b465ee728b)
Start importing Assets/04.Models/LV3/001/001.blend using Guid(6cec32697543a456c92b5f5171a4b332) Importer(815301076,1909f56bfc062723c751e8b465ee728b)  -> (artifact id: '5de94b226f123972de2d3e39c22098ab') in 0.027689 seconds 
========================================================================
Received Import Request.
  Time since last request: 0.000131 seconds.
  path: Assets/04.Models/LV3/001/001.png
  artifactKey: Guid(aab2a6e61c000453b9106a80257a204b) Importer(815301076,1909f56bfc062723c751e8b465ee728b)
Start importing Assets/04.Models/LV3/001/001.png using Guid(aab2a6e61c000453b9106a80257a204b) Importer(815301076,1909f56bfc062723c751e8b465ee728b)  -> (artifact id: '5ff0af2478ef4858923db11b5cebf9e4') in 0.007962 seconds 
========================================================================
Received Import Request.
  Time since last request: 7.964361 seconds.
  path: Assets/04.Models/LV3/002/002.blend
  artifactKey: Guid(7395915faa0a64da18a59cdbe6779576) Importer(815301076,1909f56bfc062723c751e8b465ee728b)
Start importing Assets/04.Models/LV3/002/002.blend using Guid(7395915faa0a64da18a59cdbe6779576) Importer(815301076,1909f56bfc062723c751e8b465ee728b)  -> (artifact id: 'f37fec4b8b25818326ae97786bfb3c94') in 0.036112 seconds 
========================================================================
Received Import Request.
  Time since last request: 0.000134 seconds.
  path: Assets/04.Models/LV3/002/002.png
  artifactKey: Guid(8cd70a995ba2745068345677b61ce3a0) Importer(815301076,1909f56bfc062723c751e8b465ee728b)
Start importing Assets/04.Models/LV3/002/002.png using Guid(8cd70a995ba2745068345677b61ce3a0) Importer(815301076,1909f56bfc062723c751e8b465ee728b)  -> (artifact id: '694ef0ec54bc476d49a4ebbc95f0923a') in 0.007450 seconds 
========================================================================
Received Import Request.
  Time since last request: 38.932714 seconds.
  path: Assets/04.Models/LV3/004/004.blend
  artifactKey: Guid(4d1a9bfa2f9f848efb43fa7390e29b32) Importer(815301076,1909f56bfc062723c751e8b465ee728b)
Start importing Assets/04.Models/LV3/004/004.blend using Guid(4d1a9bfa2f9f848efb43fa7390e29b32) Importer(815301076,1909f56bfc062723c751e8b465ee728b)  -> (artifact id: 'b530b02f9f14710c4560b723e1515be6') in 0.034674 seconds 
========================================================================
Received Import Request.
  Time since last request: 0.000062 seconds.
  path: Assets/04.Models/LV3/004/LV3.png
  artifactKey: Guid(cfae5da58b4334a8786c2a942a56d23a) Importer(815301076,1909f56bfc062723c751e8b465ee728b)
Start importing Assets/04.Models/LV3/004/LV3.png using Guid(cfae5da58b4334a8786c2a942a56d23a) Importer(815301076,1909f56bfc062723c751e8b465ee728b)  -> (artifact id: 'efc763b721c7a8e0d13ce4270150e6ff') in 0.007873 seconds 
========================================================================
Received Import Request.
  Time since last request: 0.483032 seconds.
  path: Assets/04.Models/LV3/003/003.blend
  artifactKey: Guid(8345880f88c2e423797971177b945c21) Importer(815301076,1909f56bfc062723c751e8b465ee728b)
Start importing Assets/04.Models/LV3/003/003.blend using Guid(8345880f88c2e423797971177b945c21) Importer(815301076,1909f56bfc062723c751e8b465ee728b)  -> (artifact id: '88be7fc1973a35cf83ee6cdc46ba0118') in 0.035671 seconds 
========================================================================
Received Import Request.
  Time since last request: 0.000075 seconds.
  path: Assets/04.Models/LV3/003/003.png
  artifactKey: Guid(c0560651f92d7464396572a2f68bf343) Importer(815301076,1909f56bfc062723c751e8b465ee728b)
Start importing Assets/04.Models/LV3/003/003.png using Guid(c0560651f92d7464396572a2f68bf343) Importer(815301076,1909f56bfc062723c751e8b465ee728b)  -> (artifact id: 'ad9c96cbe7f1d206534ebcf11e9620de') in 0.007314 seconds 
========================================================================
Received Import Request.
  Time since last request: 335.665067 seconds.
  path: Assets/04.Models/LV3/005/005.blend
  artifactKey: Guid(b62b8a3c34c5749c9b97d652a6d08e30) Importer(815301076,1909f56bfc062723c751e8b465ee728b)
Start importing Assets/04.Models/LV3/005/005.blend using Guid(b62b8a3c34c5749c9b97d652a6d08e30) Importer(815301076,1909f56bfc062723c751e8b465ee728b)  -> (artifact id: '6f109b60ce19dc638908291661d5dc79') in 0.035275 seconds 
========================================================================
Received Import Request.
  Time since last request: 0.000072 seconds.
  path: Assets/04.Models/LV3/005/005.png
  artifactKey: Guid(09e24f3a5fe7a4a21ab1bab8dc8cd571) Importer(815301076,1909f56bfc062723c751e8b465ee728b)
Start importing Assets/04.Models/LV3/005/005.png using Guid(09e24f3a5fe7a4a21ab1bab8dc8cd571) Importer(815301076,1909f56bfc062723c751e8b465ee728b)  -> (artifact id: 'cc2c01286003edd0e58460bc954e75f2') in 0.007009 seconds 
========================================================================
Received Import Request.
  Time since last request: 0.122333 seconds.
  path: Assets/04.Models/LV3/006/006.blend
  artifactKey: Guid(7ac33778ecfbc4006927ca656bee8b58) Importer(815301076,1909f56bfc062723c751e8b465ee728b)
Start importing Assets/04.Models/LV3/006/006.blend using Guid(7ac33778ecfbc4006927ca656bee8b58) Importer(815301076,1909f56bfc062723c751e8b465ee728b)  -> (artifact id: 'ee19ca92fb9aafafb1f30b024ab341c2') in 0.025160 seconds 
========================================================================
Received Import Request.
  Time since last request: 0.000048 seconds.
  path: Assets/04.Models/LV3/006/006.png
  artifactKey: Guid(e02e08b90264a49b4a323da4c522e5a4) Importer(815301076,1909f56bfc062723c751e8b465ee728b)
Start importing Assets/04.Models/LV3/006/006.png using Guid(e02e08b90264a49b4a323da4c522e5a4) Importer(815301076,1909f56bfc062723c751e8b465ee728b)  -> (artifact id: 'ce2eb955143ca58a486910fb30844dd7') in 0.006500 seconds 
========================================================================
Received Import Request.
  Time since last request: 1.330779 seconds.
  path: Assets/04.Models/LV3/009/009.blend
  artifactKey: Guid(127bc91d6318642b69d384367222560d) Importer(815301076,1909f56bfc062723c751e8b465ee728b)
Start importing Assets/04.Models/LV3/009/009.blend using Guid(127bc91d6318642b69d384367222560d) Importer(815301076,1909f56bfc062723c751e8b465ee728b)  -> (artifact id: '204544f6ec0de9cb2be77f7e5e3e2eac') in 0.035874 seconds 
========================================================================
Received Import Request.
  Time since last request: 0.000189 seconds.
  path: Assets/04.Models/LV3/009/스크린샷 2022-01-18 오후 12.45.40.png
  artifactKey: Guid(7a133c6632a484a7885722338ccef26a) Importer(815301076,1909f56bfc062723c751e8b465ee728b)
Start importing Assets/04.Models/LV3/009/스크린샷 2022-01-18 오후 12.45.40.png using Guid(7a133c6632a484a7885722338ccef26a) Importer(815301076,1909f56bfc062723c751e8b465ee728b)  -> (artifact id: 'aa83b0a1ffb878580e12ef4a5ea20e86') in 0.008092 seconds 
========================================================================
Received Import Request.
  Time since last request: 0.441945 seconds.
  path: Assets/04.Models/LV3/008/008.blend
  artifactKey: Guid(3962367771e9b48299b8262b5be92c48) Importer(815301076,1909f56bfc062723c751e8b465ee728b)
Start importing Assets/04.Models/LV3/008/008.blend using Guid(3962367771e9b48299b8262b5be92c48) Importer(815301076,1909f56bfc062723c751e8b465ee728b)  -> (artifact id: '4799727e4ab95fd3d8b580bd0a83d659') in 0.035264 seconds 
========================================================================
Received Import Request.
  Time since last request: 0.000060 seconds.
  path: Assets/04.Models/LV3/008/스크린샷 2022-01-11 오후 2.51.01.png
  artifactKey: Guid(c3acacd342f58439f9723d59d516a66a) Importer(815301076,1909f56bfc062723c751e8b465ee728b)
Start importing Assets/04.Models/LV3/008/스크린샷 2022-01-11 오후 2.51.01.png using Guid(c3acacd342f58439f9723d59d516a66a) Importer(815301076,1909f56bfc062723c751e8b465ee728b)  -> (artifact id: '4c42870e146621468b1a40db7869b6d7') in 0.007363 seconds 
========================================================================
Received Import Request.
  Time since last request: 5.867082 seconds.
  path: Assets/04.Models/LV3/007/007.blend
  artifactKey: Guid(137e88063714f4aaaaa8bb2feb6e388f) Importer(815301076,1909f56bfc062723c751e8b465ee728b)
Start importing Assets/04.Models/LV3/007/007.blend using Guid(137e88063714f4aaaaa8bb2feb6e388f) Importer(815301076,1909f56bfc062723c751e8b465ee728b)  -> (artifact id: 'e6ee195b7630bf45c1ee5de6685f956e') in 0.032672 seconds 
========================================================================
Received Import Request.
  Time since last request: 0.000063 seconds.
  path: Assets/04.Models/LV3/007/007.png
  artifactKey: Guid(63ad5e070df814e3286f2c1e15b8360a) Importer(815301076,1909f56bfc062723c751e8b465ee728b)
Start importing Assets/04.Models/LV3/007/007.png using Guid(63ad5e070df814e3286f2c1e15b8360a) Importer(815301076,1909f56bfc062723c751e8b465ee728b)  -> (artifact id: '8b43cf963dacdf03a7c1b0d14b0718f5') in 0.008064 seconds 
========================================================================
Received Import Request.
  Time since last request: 96.657734 seconds.
  path: Assets/04.Models/LV3/006/006.fbx
  artifactKey: Guid(ac912e39bbf14401c9f198f38a78acb0) Importer(815301076,1909f56bfc062723c751e8b465ee728b)
Start importing Assets/04.Models/LV3/006/006.fbx using Guid(ac912e39bbf14401c9f198f38a78acb0) Importer(815301076,1909f56bfc062723c751e8b465ee728b)  -> (artifact id: '240eed7b58c82ba2d35bdeb41c9063a1') in 0.040722 seconds 
========================================================================
Received Prepare
Registering precompiled user dll's ...
Registered in 0.001512 seconds.
Begin MonoManager ReloadAssembly
Thread 0x2887df000 may have been prematurely finalized
Symbol file LoadedFromMemory doesn't match image /Users/bangseunghwan/Documents/GitHub/Voxel_Fishing/Voxel Fishing/Library/PackageCache/com.unity.visualscripting@1.7.8/Editor/VisualScripting.Core/Dependencies/YamlDotNet/Unity.VisualScripting.YamlDotNet.dll
Symbol file LoadedFromMemory doesn't match image /Users/bangseunghwan/Documents/GitHub/Voxel_Fishing/Voxel Fishing/Library/PackageCache/com.unity.visualscripting@1.7.8/Editor/VisualScripting.Core/Dependencies/DotNetZip/Unity.VisualScripting.IonicZip.dll
Native extension for iOS target not found
Native extension for Android target not found
Native extension for OSXStandalone target not found
Refreshing native plugins compatible for Editor in 0.93 ms, found 3 plugins.
Preloading 0 native plugins for Editor in 0.00 ms.
Mono: successfully reloaded assembly
- Completed reload, in  0.745 seconds
Domain Reload Profiling:
	ReloadAssembly (745ms)
		BeginReloadAssembly (84ms)
			ExecutionOrderSort (0ms)
			DisableScriptedObjects (2ms)
			BackupInstance (0ms)
			ReleaseScriptingObjects (0ms)
			CreateAndSetChildDomain (34ms)
		EndReloadAssembly (601ms)
			LoadAssemblies (40ms)
			RebuildTransferFunctionScriptingTraits (0ms)
			SetupTypeCache (210ms)
			ReleaseScriptCaches (2ms)
			RebuildScriptCaches (40ms)
			SetupLoadedEditorAssemblies (281ms)
				LogAssemblyErrors (0ms)
				InitializePlatformSupportModulesInManaged (17ms)
				SetLoadedEditorAssemblies (0ms)
				RefreshPlugins (1ms)
				BeforeProcessingInitializeOnLoad (57ms)
				ProcessInitializeOnLoadAttributes (161ms)
				ProcessInitializeOnLoadMethodAttributes (43ms)
				AfterProcessingInitializeOnLoad (1ms)
				EditorAssembliesLoaded (0ms)
			ExecutionOrderSort2 (0ms)
			AwakeInstancesAfterBackupRestoration (2ms)
Platform modules already initialized, skipping
Refreshing native plugins compatible for Editor in 1.40 ms, found 3 plugins.
Preloading 0 native plugins for Editor in 0.00 ms.
Unloading 5239 Unused Serialized files (Serialized files now loaded: 0)
Unloading 37 unused Assets / (422.3 KB). Loaded Objects now: 5825.
Memory consumption went from 379.8 MB to 379.4 MB.
Total: 3.243750 ms (FindLiveObjects: 0.281250 ms CreateObjectMapping: 0.101084 ms MarkObjects: 2.765375 ms  DeleteObjects: 0.094916 ms)

AssetImportParameters requested are different than current active one (requested -> active):
  custom:video-decoder-ogg-theora: a1e56fd34408186e4bbccfd4996cb3dc -> 
  custom:container-muxer-webm: aa71ff27fc2769a1b78a27578f13a17b -> 
  custom:container-demuxer-webm: 4f35f7cbe854078d1ac9338744f61a02 -> 
  custom:video-encoder-webm-vp8: eb34c28f22e8b96e1ab97ce403110664 -> 
  custom:framework-osx-AVFoundation: e770b220cccbd017edd2c1fefb359320 -> 
  custom:audio-encoder-webm-vorbis: bf7c407c2cedff20999df2af8eb42d56 -> 
  custom:container-demuxer-ogg: 62fdf1f143b41e24485cea50d1cbac27 -> 
  custom:video-decoder-webm-vp8: 9c59270c3fd7afecdb556c50c9e8de78 -> 
  custom:audio-decoder-ogg-vorbis: bf7c407c2cedff20999df2af8eb42d56 -> 
========================================================================
Received Import Request.
  Time since last request: 489.080598 seconds.
  path: Assets/04.Models/LV3/006/006.fbx
  artifactKey: Guid(ac912e39bbf14401c9f198f38a78acb0) Importer(815301076,1909f56bfc062723c751e8b465ee728b)
Start importing Assets/04.Models/LV3/006/006.fbx using Guid(ac912e39bbf14401c9f198f38a78acb0) Importer(815301076,1909f56bfc062723c751e8b465ee728b)  -> (artifact id: 'ecabf81b983fe76ab15a6f9f90fcbee7') in 0.071984 seconds 
========================================================================
Received Import Request.
  Time since last request: 65.568128 seconds.
  path: Assets/04.Models/LV3/001/New Animator Controller.controller
  artifactKey: Guid(47cc6ea043dc9443c87eb0fda6741818) Importer(815301076,1909f56bfc062723c751e8b465ee728b)
Start importing Assets/04.Models/LV3/001/New Animator Controller.controller using Guid(47cc6ea043dc9443c87eb0fda6741818) Importer(815301076,1909f56bfc062723c751e8b465ee728b)  -> (artifact id: 'e17638a7ac4751d15f30f563f229af07') in 0.025936 seconds 
========================================================================
Received Import Request.
  Time since last request: 15.770843 seconds.
  path: Assets/03.Prefabs/Fish/oneTier/New Animator Controller.controller
  artifactKey: Guid(f2d023ca03b3d437c88626937c3feed8) Importer(815301076,1909f56bfc062723c751e8b465ee728b)
Start importing Assets/03.Prefabs/Fish/oneTier/New Animator Controller.controller using Guid(f2d023ca03b3d437c88626937c3feed8) Importer(815301076,1909f56bfc062723c751e8b465ee728b)  -> (artifact id: '5f563ca57abe880ac6c9c74636d4fc43') in 0.001646 seconds 
========================================================================
Received Import Request.
  Time since last request: 10.558777 seconds.
  path: Assets/04.Models/Animator
  artifactKey: Guid(93089e02c72a84ac9bb1c0a38830979c) Importer(815301076,1909f56bfc062723c751e8b465ee728b)
Start importing Assets/04.Models/Animator using Guid(93089e02c72a84ac9bb1c0a38830979c) Importer(815301076,1909f56bfc062723c751e8b465ee728b)  -> (artifact id: '73ff451a37af1a3b2d9edee0c5758ac0') in 0.000969 seconds 
========================================================================
Received Import Request.
  Time since last request: 8.752047 seconds.
  path: Assets/04.Models/Animator/New Animator Controller.controller
  artifactKey: Guid(6e87cf61a51374709a3702c99c4e32cf) Importer(815301076,1909f56bfc062723c751e8b465ee728b)
Start importing Assets/04.Models/Animator/New Animator Controller.controller using Guid(6e87cf61a51374709a3702c99c4e32cf) Importer(815301076,1909f56bfc062723c751e8b465ee728b)  -> (artifact id: '40b496a6056e0743b8eda20e800ab574') in 0.001435 seconds 
========================================================================
Received Import Request.
  Time since last request: 1.572469 seconds.
  path: Assets/04.Models/Animator/New Animator Controller 1.controller
  artifactKey: Guid(d345d2905484e41dca395ba882998c7a) Importer(815301076,1909f56bfc062723c751e8b465ee728b)
Start importing Assets/04.Models/Animator/New Animator Controller 1.controller using Guid(d345d2905484e41dca395ba882998c7a) Importer(815301076,1909f56bfc062723c751e8b465ee728b)  -> (artifact id: '0b59779edb64552aace3afe45afb20ba') in 0.002085 seconds 
========================================================================
Received Import Request.
  Time since last request: 0.115252 seconds.
  path: Assets/04.Models/Animator/New Animator Controller 2.controller
  artifactKey: Guid(332d94bf3618c4cedb6c02afb6bc07f7) Importer(815301076,1909f56bfc062723c751e8b465ee728b)
Start importing Assets/04.Models/Animator/New Animator Controller 2.controller using Guid(332d94bf3618c4cedb6c02afb6bc07f7) Importer(815301076,1909f56bfc062723c751e8b465ee728b)  -> (artifact id: 'a0d3e5f3f211f8a154eb4d3daf411bfa') in 0.001779 seconds 
========================================================================
Received Import Request.
  Time since last request: 0.171815 seconds.
  path: Assets/04.Models/Animator/New Animator Controller 3.controller
  artifactKey: Guid(2c0b21779858842fea96bff1ec8d7f25) Importer(815301076,1909f56bfc062723c751e8b465ee728b)
Start importing Assets/04.Models/Animator/New Animator Controller 3.controller using Guid(2c0b21779858842fea96bff1ec8d7f25) Importer(815301076,1909f56bfc062723c751e8b465ee728b)  -> (artifact id: '9da3f569867b1447356f928d42075ee0') in 0.002240 seconds 
========================================================================
Received Import Request.
  Time since last request: 0.187944 seconds.
  path: Assets/04.Models/Animator/New Animator Controller 4.controller
  artifactKey: Guid(c54ba2c75d2c1412db0d17f537382697) Importer(815301076,1909f56bfc062723c751e8b465ee728b)
Start importing Assets/04.Models/Animator/New Animator Controller 4.controller using Guid(c54ba2c75d2c1412db0d17f537382697) Importer(815301076,1909f56bfc062723c751e8b465ee728b)  -> (artifact id: '88c220ad5422b054c586f45d98f454b1') in 0.002138 seconds 
========================================================================
Received Import Request.
  Time since last request: 0.157058 seconds.
  path: Assets/04.Models/Animator/New Animator Controller 5.controller
  artifactKey: Guid(fbe074fe0b2c34bd080633d5627c928f) Importer(815301076,1909f56bfc062723c751e8b465ee728b)
Start importing Assets/04.Models/Animator/New Animator Controller 5.controller using Guid(fbe074fe0b2c34bd080633d5627c928f) Importer(815301076,1909f56bfc062723c751e8b465ee728b)  -> (artifact id: '8758456e169d9e879bca16b610d000e4') in 0.001533 seconds 
========================================================================
Received Import Request.
  Time since last request: 0.185789 seconds.
  path: Assets/04.Models/Animator/New Animator Controller 6.controller
  artifactKey: Guid(57c9a3c5ad24749498ae34843f0636c4) Importer(815301076,1909f56bfc062723c751e8b465ee728b)
Start importing Assets/04.Models/Animator/New Animator Controller 6.controller using Guid(57c9a3c5ad24749498ae34843f0636c4) Importer(815301076,1909f56bfc062723c751e8b465ee728b)  -> (artifact id: '7d227ae8d8b56bc5f635d0d396bad5c4') in 0.001790 seconds 
========================================================================
Received Import Request.
  Time since last request: 0.169945 seconds.
  path: Assets/04.Models/Animator/New Animator Controller 7.controller
  artifactKey: Guid(c730ffeaf6ad743abbf71cf33401261d) Importer(815301076,1909f56bfc062723c751e8b465ee728b)
Start importing Assets/04.Models/Animator/New Animator Controller 7.controller using Guid(c730ffeaf6ad743abbf71cf33401261d) Importer(815301076,1909f56bfc062723c751e8b465ee728b)  -> (artifact id: 'a89fded259386547a8f0d6f367da5675') in 0.001276 seconds 
========================================================================
Received Import Request.
  Time since last request: 0.197774 seconds.
  path: Assets/04.Models/Animator/New Animator Controller 8.controller
  artifactKey: Guid(8c677502691a74394a834fb648f5f49e) Importer(815301076,1909f56bfc062723c751e8b465ee728b)
Start importing Assets/04.Models/Animator/New Animator Controller 8.controller using Guid(8c677502691a74394a834fb648f5f49e) Importer(815301076,1909f56bfc062723c751e8b465ee728b)  -> (artifact id: 'd1d143236e172e4f6901cb15fee84a5f') in 0.001705 seconds 
========================================================================
Received Import Request.
  Time since last request: 0.171812 seconds.
  path: Assets/04.Models/Animator/New Animator Controller 9.controller
  artifactKey: Guid(c720eb1d86201487690e038a0a110578) Importer(815301076,1909f56bfc062723c751e8b465ee728b)
Start importing Assets/04.Models/Animator/New Animator Controller 9.controller using Guid(c720eb1d86201487690e038a0a110578) Importer(815301076,1909f56bfc062723c751e8b465ee728b)  -> (artifact id: '2104d314027b304d11acb6e191386438') in 0.001751 seconds 
========================================================================
Received Import Request.
  Time since last request: 0.166305 seconds.
  path: Assets/04.Models/Animator/New Animator Controller 10.controller
  artifactKey: Guid(c1392f5ae7bee401bbb3e0ea99cbf2bc) Importer(815301076,1909f56bfc062723c751e8b465ee728b)
Start importing Assets/04.Models/Animator/New Animator Controller 10.controller using Guid(c1392f5ae7bee401bbb3e0ea99cbf2bc) Importer(815301076,1909f56bfc062723c751e8b465ee728b)  -> (artifact id: 'f3d346fea498f30dcfe7a108cccc0467') in 0.001576 seconds 
========================================================================
Received Import Request.
  Time since last request: 0.199796 seconds.
  path: Assets/04.Models/Animator/New Animator Controller 11.controller
  artifactKey: Guid(eec85b393529d48b19fbf96a0daf51dc) Importer(815301076,1909f56bfc062723c751e8b465ee728b)
Start importing Assets/04.Models/Animator/New Animator Controller 11.controller using Guid(eec85b393529d48b19fbf96a0daf51dc) Importer(815301076,1909f56bfc062723c751e8b465ee728b)  -> (artifact id: '34b957531b2dbae9798aafb093e53a55') in 0.001605 seconds 
========================================================================
Received Import Request.
  Time since last request: 0.170648 seconds.
  path: Assets/04.Models/Animator/New Animator Controller 12.controller
  artifactKey: Guid(aaa6471e30dce48e59d9fbebc49354d9) Importer(815301076,1909f56bfc062723c751e8b465ee728b)
Start importing Assets/04.Models/Animator/New Animator Controller 12.controller using Guid(aaa6471e30dce48e59d9fbebc49354d9) Importer(815301076,1909f56bfc062723c751e8b465ee728b)  -> (artifact id: 'f4994b015fd5c3fc0839fef3fbb8e99c') in 0.001651 seconds 
========================================================================
Received Import Request.
  Time since last request: 0.179108 seconds.
  path: Assets/04.Models/Animator/New Animator Controller 13.controller
  artifactKey: Guid(0a5a9573c44de4425a8b4d8477b39c46) Importer(815301076,1909f56bfc062723c751e8b465ee728b)
Start importing Assets/04.Models/Animator/New Animator Controller 13.controller using Guid(0a5a9573c44de4425a8b4d8477b39c46) Importer(815301076,1909f56bfc062723c751e8b465ee728b)  -> (artifact id: '3a91e80666652959d3d7935216ae4904') in 0.001858 seconds 
========================================================================
Received Import Request.
  Time since last request: 0.182645 seconds.
  path: Assets/04.Models/Animator/New Animator Controller 14.controller
  artifactKey: Guid(a9ed20723ab784ac99e70381490e7ad5) Importer(815301076,1909f56bfc062723c751e8b465ee728b)
Start importing Assets/04.Models/Animator/New Animator Controller 14.controller using Guid(a9ed20723ab784ac99e70381490e7ad5) Importer(815301076,1909f56bfc062723c751e8b465ee728b)  -> (artifact id: '4521bf1336ba4a63963ceedb4b5ad855') in 0.001358 seconds 
========================================================================
Received Import Request.
  Time since last request: 0.170260 seconds.
  path: Assets/04.Models/Animator/New Animator Controller 15.controller
  artifactKey: Guid(1c8f16fb4f1284dd49ae32a4508de86e) Importer(815301076,1909f56bfc062723c751e8b465ee728b)
Start importing Assets/04.Models/Animator/New Animator Controller 15.controller using Guid(1c8f16fb4f1284dd49ae32a4508de86e) Importer(815301076,1909f56bfc062723c751e8b465ee728b)  -> (artifact id: 'd11ce1f8108377272a5ab89915d8a86e') in 0.001746 seconds 
========================================================================
Received Import Request.
  Time since last request: 0.160319 seconds.
  path: Assets/04.Models/Animator/New Animator Controller 16.controller
  artifactKey: Guid(ba5b373e2563f45ce9c8bbb18ffe9b1d) Importer(815301076,1909f56bfc062723c751e8b465ee728b)
Start importing Assets/04.Models/Animator/New Animator Controller 16.controller using Guid(ba5b373e2563f45ce9c8bbb18ffe9b1d) Importer(815301076,1909f56bfc062723c751e8b465ee728b)  -> (artifact id: '9cc5c62542dae87207a5407d08efd514') in 0.001360 seconds 
========================================================================
Received Import Request.
  Time since last request: 0.144970 seconds.
  path: Assets/04.Models/Animator/New Animator Controller 17.controller
  artifactKey: Guid(95c2d7330905345199b1d991c2e46e4d) Importer(815301076,1909f56bfc062723c751e8b465ee728b)
Start importing Assets/04.Models/Animator/New Animator Controller 17.controller using Guid(95c2d7330905345199b1d991c2e46e4d) Importer(815301076,1909f56bfc062723c751e8b465ee728b)  -> (artifact id: '53b61a0991009b957fd52b7b6db93fb5') in 0.001489 seconds 
========================================================================
Received Import Request.
  Time since last request: 0.185333 seconds.
  path: Assets/04.Models/Animator/New Animator Controller 18.controller
  artifactKey: Guid(2d95337bfb23c424897d0e1c8b50dead) Importer(815301076,1909f56bfc062723c751e8b465ee728b)
Start importing Assets/04.Models/Animator/New Animator Controller 18.controller using Guid(2d95337bfb23c424897d0e1c8b50dead) Importer(815301076,1909f56bfc062723c751e8b465ee728b)  -> (artifact id: 'a673a93dce9e10359ed6196d1993c84a') in 0.002117 seconds 
========================================================================
Received Import Request.
  Time since last request: 0.210241 seconds.
  path: Assets/04.Models/Animator/New Animator Controller 19.controller
  artifactKey: Guid(1448684fde6a44af4bcaed20bf79b990) Importer(815301076,1909f56bfc062723c751e8b465ee728b)
Start importing Assets/04.Models/Animator/New Animator Controller 19.controller using Guid(1448684fde6a44af4bcaed20bf79b990) Importer(815301076,1909f56bfc062723c751e8b465ee728b)  -> (artifact id: 'ae70e87b6c0e44b357a20dc2b4cf0b33') in 0.002116 seconds 
========================================================================
Received Import Request.
  Time since last request: 0.180570 seconds.
  path: Assets/04.Models/Animator/New Animator Controller 20.controller
  artifactKey: Guid(4af4631a1e0e346dfb2cece524446114) Importer(815301076,1909f56bfc062723c751e8b465ee728b)
Start importing Assets/04.Models/Animator/New Animator Controller 20.controller using Guid(4af4631a1e0e346dfb2cece524446114) Importer(815301076,1909f56bfc062723c751e8b465ee728b)  -> (artifact id: '75ab031a46a1b8a747c1a237821d02f2') in 0.001656 seconds 
========================================================================
Received Import Request.
  Time since last request: 5.074766 seconds.
  path: Assets/04.Models/Animator/New Animator Controller.controller
  artifactKey: Guid(6e87cf61a51374709a3702c99c4e32cf) Importer(815301076,1909f56bfc062723c751e8b465ee728b)
Start importing Assets/04.Models/Animator/New Animator Controller.controller using Guid(6e87cf61a51374709a3702c99c4e32cf) Importer(815301076,1909f56bfc062723c751e8b465ee728b)  -> (artifact id: 'cbea738be0fb2ccd3393ddc6c88ad295') in 0.002355 seconds 
========================================================================
Received Import Request.
  Time since last request: 136.977371 seconds.
  path: Assets/03.Prefabs/Fish
  artifactKey: Guid(7ffe8d6528f114be38ed0fe41681a812) Importer(815301076,1909f56bfc062723c751e8b465ee728b)
Start importing Assets/03.Prefabs/Fish using Guid(7ffe8d6528f114be38ed0fe41681a812) Importer(815301076,1909f56bfc062723c751e8b465ee728b)  -> (artifact id: '70f0b9af2ff5c2ceabb5db98deb00fd6') in 0.001255 seconds 
========================================================================
Received Import Request.
  Time since last request: 12.605082 seconds.
  path: Assets/03.Prefabs/Fish/oneTier/Fish_Jun_Lv01_001.prefab
  artifactKey: Guid(4ff8829a7fbed425f91ae8efc092db21) Importer(815301076,1909f56bfc062723c751e8b465ee728b)
Start importing Assets/03.Prefabs/Fish/oneTier/Fish_Jun_Lv01_001.prefab using Guid(4ff8829a7fbed425f91ae8efc092db21) Importer(815301076,1909f56bfc062723c751e8b465ee728b)  -> (artifact id: 'a0e62965864c24100f40065ad8286b4e') in 0.010813 seconds 
========================================================================
Received Import Request.
  Time since last request: 9.199504 seconds.
  path: Assets/03.Prefabs/Fish/oneTier/Fish_Jun_Lv01_001.prefab
  artifactKey: Guid(4ff8829a7fbed425f91ae8efc092db21) Importer(815301076,1909f56bfc062723c751e8b465ee728b)
Start importing Assets/03.Prefabs/Fish/oneTier/Fish_Jun_Lv01_001.prefab using Guid(4ff8829a7fbed425f91ae8efc092db21) Importer(815301076,1909f56bfc062723c751e8b465ee728b)  -> (artifact id: 'b25d1332fc220d17f8d1d46103837559') in 0.007739 seconds 
========================================================================
Received Import Request.
  Time since last request: 2.906922 seconds.
  path: Assets/03.Prefabs/Fish/oneTier/Fish_Jun_Lv01_002.prefab
  artifactKey: Guid(ce4d87df7b43b49b0895c68cf6a45f31) Importer(815301076,1909f56bfc062723c751e8b465ee728b)
Start importing Assets/03.Prefabs/Fish/oneTier/Fish_Jun_Lv01_002.prefab using Guid(ce4d87df7b43b49b0895c68cf6a45f31) Importer(815301076,1909f56bfc062723c751e8b465ee728b)  -> (artifact id: 'b8f0cf68e2ea9a61f3a37b2f0c27f877') in 0.006677 seconds 
========================================================================
Received Import Request.
  Time since last request: 4.048388 seconds.
  path: Assets/03.Prefabs/Fish/oneTier/Fish_Jun_Lv01_002.prefab
  artifactKey: Guid(ce4d87df7b43b49b0895c68cf6a45f31) Importer(815301076,1909f56bfc062723c751e8b465ee728b)
Start importing Assets/03.Prefabs/Fish/oneTier/Fish_Jun_Lv01_002.prefab using Guid(ce4d87df7b43b49b0895c68cf6a45f31) Importer(815301076,1909f56bfc062723c751e8b465ee728b)  -> (artifact id: '487feb3aea3b3fd497a1805c688f7f83') in 0.007892 seconds 
========================================================================
Received Import Request.
  Time since last request: 11.197609 seconds.
  path: Assets/03.Prefabs/Fish/oneTier/Fish_Jun_Lv01_004.prefab
  artifactKey: Guid(56576ca9bcba14fd1941edd4f82d066c) Importer(815301076,1909f56bfc062723c751e8b465ee728b)
Start importing Assets/03.Prefabs/Fish/oneTier/Fish_Jun_Lv01_004.prefab using Guid(56576ca9bcba14fd1941edd4f82d066c) Importer(815301076,1909f56bfc062723c751e8b465ee728b)  -> (artifact id: '7cdaf8776966c7c23cf2164447a41529') in 0.007892 seconds 
========================================================================
Received Import Request.
  Time since last request: 2.250695 seconds.
  path: Assets/03.Prefabs/Fish/oneTier/Fish_Jun_Lv01_004.prefab
  artifactKey: Guid(56576ca9bcba14fd1941edd4f82d066c) Importer(815301076,1909f56bfc062723c751e8b465ee728b)
Start importing Assets/03.Prefabs/Fish/oneTier/Fish_Jun_Lv01_004.prefab using Guid(56576ca9bcba14fd1941edd4f82d066c) Importer(815301076,1909f56bfc062723c751e8b465ee728b)  -> (artifact id: '36cf4f7e638f636aeb1a7ee908feb402') in 0.008042 seconds 
========================================================================
Received Import Request.
  Time since last request: 3.666326 seconds.
  path: Assets/03.Prefabs/Fish/oneTier/Fish_Jun_Lv01_006.prefab
  artifactKey: Guid(82353a574f711476ab84c273b0d46f1c) Importer(815301076,1909f56bfc062723c751e8b465ee728b)
Start importing Assets/03.Prefabs/Fish/oneTier/Fish_Jun_Lv01_006.prefab using Guid(82353a574f711476ab84c273b0d46f1c) Importer(815301076,1909f56bfc062723c751e8b465ee728b)  -> (artifact id: 'e0a869f69b590750268e324908b99cc7') in 0.007116 seconds 
========================================================================
Received Import Request.
  Time since last request: 2.251216 seconds.
  path: Assets/03.Prefabs/Fish/oneTier/Fish_Jun_Lv01_006.prefab
  artifactKey: Guid(82353a574f711476ab84c273b0d46f1c) Importer(815301076,1909f56bfc062723c751e8b465ee728b)
Start importing Assets/03.Prefabs/Fish/oneTier/Fish_Jun_Lv01_006.prefab using Guid(82353a574f711476ab84c273b0d46f1c) Importer(815301076,1909f56bfc062723c751e8b465ee728b)  -> (artifact id: '4a6b77e704d8a399023cb95cd72dbdaf') in 0.007870 seconds 
========================================================================
Received Import Request.
  Time since last request: 3.737446 seconds.
  path: Assets/03.Prefabs/Fish/oneTier/Fish_Jun_Lv01_007.prefab
  artifactKey: Guid(b1e8ad065ac2a4ec8aa0bd84f8086406) Importer(815301076,1909f56bfc062723c751e8b465ee728b)
Start importing Assets/03.Prefabs/Fish/oneTier/Fish_Jun_Lv01_007.prefab using Guid(b1e8ad065ac2a4ec8aa0bd84f8086406) Importer(815301076,1909f56bfc062723c751e8b465ee728b)  -> (artifact id: 'dad01f0d1a4649219b212043293576a7') in 0.006845 seconds 
========================================================================
Received Import Request.
  Time since last request: 2.235494 seconds.
  path: Assets/03.Prefabs/Fish/oneTier/Fish_Jun_Lv01_007.prefab
  artifactKey: Guid(b1e8ad065ac2a4ec8aa0bd84f8086406) Importer(815301076,1909f56bfc062723c751e8b465ee728b)
Start importing Assets/03.Prefabs/Fish/oneTier/Fish_Jun_Lv01_007.prefab using Guid(b1e8ad065ac2a4ec8aa0bd84f8086406) Importer(815301076,1909f56bfc062723c751e8b465ee728b)  -> (artifact id: '11fa64911b80d33c4c5a0d713d19d55c') in 0.007528 seconds 
========================================================================
Received Import Request.
  Time since last request: 2.485532 seconds.
  path: Assets/03.Prefabs/Fish/oneTier/Fish_Jun_Lv01_008.prefab
  artifactKey: Guid(67b7caddf672e496b81ee56a0a589845) Importer(815301076,1909f56bfc062723c751e8b465ee728b)
Start importing Assets/03.Prefabs/Fish/oneTier/Fish_Jun_Lv01_008.prefab using Guid(67b7caddf672e496b81ee56a0a589845) Importer(815301076,1909f56bfc062723c751e8b465ee728b)  -> (artifact id: '92d69461ffca0ac314cbd8d41a03c715') in 0.007418 seconds 
========================================================================
Received Import Request.
  Time since last request: 3.069987 seconds.
  path: Assets/03.Prefabs/Fish/oneTier/Fish_Jun_Lv01_008.prefab
  artifactKey: Guid(67b7caddf672e496b81ee56a0a589845) Importer(815301076,1909f56bfc062723c751e8b465ee728b)
Start importing Assets/03.Prefabs/Fish/oneTier/Fish_Jun_Lv01_008.prefab using Guid(67b7caddf672e496b81ee56a0a589845) Importer(815301076,1909f56bfc062723c751e8b465ee728b)  -> (artifact id: '48016f7f0d74d6bd5d622e3d201e820a') in 0.008342 seconds 
========================================================================
Received Import Request.
  Time since last request: 2.916593 seconds.
  path: Assets/03.Prefabs/Fish/oneTier/Fish_Jun_Lv01_009.prefab
  artifactKey: Guid(b206cf7747f6d4a5cb238b39636532f3) Importer(815301076,1909f56bfc062723c751e8b465ee728b)
Start importing Assets/03.Prefabs/Fish/oneTier/Fish_Jun_Lv01_009.prefab using Guid(b206cf7747f6d4a5cb238b39636532f3) Importer(815301076,1909f56bfc062723c751e8b465ee728b)  -> (artifact id: '8f434a68e2df6727b772540b1a07fde2') in 0.007397 seconds 
========================================================================
Received Import Request.
  Time since last request: 2.244626 seconds.
  path: Assets/03.Prefabs/Fish/oneTier/Fish_Jun_Lv01_009.prefab
  artifactKey: Guid(b206cf7747f6d4a5cb238b39636532f3) Importer(815301076,1909f56bfc062723c751e8b465ee728b)
Start importing Assets/03.Prefabs/Fish/oneTier/Fish_Jun_Lv01_009.prefab using Guid(b206cf7747f6d4a5cb238b39636532f3) Importer(815301076,1909f56bfc062723c751e8b465ee728b)  -> (artifact id: '7ceb01786fed92dd5c41cdf5ebc71fea') in 0.007357 seconds 
========================================================================
Received Import Request.
  Time since last request: 5.110186 seconds.
  path: Assets/03.Prefabs/Fish/twoTier/Fish_Jun_Lv01_005.prefab
  artifactKey: Guid(4c33948fb5909495393cc6b47fe7b4f4) Importer(815301076,1909f56bfc062723c751e8b465ee728b)
Start importing Assets/03.Prefabs/Fish/twoTier/Fish_Jun_Lv01_005.prefab using Guid(4c33948fb5909495393cc6b47fe7b4f4) Importer(815301076,1909f56bfc062723c751e8b465ee728b)  -> (artifact id: '24a8f1d6dfa1456e7ea36a9802a4f4c3') in 0.006541 seconds 
========================================================================
Received Import Request.
  Time since last request: 2.462733 seconds.
  path: Assets/03.Prefabs/Fish/twoTier/Fish_Jun_Lv01_005.prefab
  artifactKey: Guid(4c33948fb5909495393cc6b47fe7b4f4) Importer(815301076,1909f56bfc062723c751e8b465ee728b)
Start importing Assets/03.Prefabs/Fish/twoTier/Fish_Jun_Lv01_005.prefab using Guid(4c33948fb5909495393cc6b47fe7b4f4) Importer(815301076,1909f56bfc062723c751e8b465ee728b)  -> (artifact id: '8d6fb97f1fb5acc19d82060d3545c225') in 0.008852 seconds 
========================================================================
Received Import Request.
  Time since last request: 2.798976 seconds.
  path: Assets/03.Prefabs/Fish/twoTier/Fish_Jun_Lv01_010.prefab
  artifactKey: Guid(ecd4a02d567ea49118c679641b35a360) Importer(815301076,1909f56bfc062723c751e8b465ee728b)
Start importing Assets/03.Prefabs/Fish/twoTier/Fish_Jun_Lv01_010.prefab using Guid(ecd4a02d567ea49118c679641b35a360) Importer(815301076,1909f56bfc062723c751e8b465ee728b)  -> (artifact id: '829bc2f5e0ae3c0d3a1c54509e92da2b') in 0.006057 seconds 
========================================================================
Received Import Request.
  Time since last request: 2.289416 seconds.
  path: Assets/03.Prefabs/Fish/twoTier/Fish_Jun_Lv01_010.prefab
  artifactKey: Guid(ecd4a02d567ea49118c679641b35a360) Importer(815301076,1909f56bfc062723c751e8b465ee728b)
Start importing Assets/03.Prefabs/Fish/twoTier/Fish_Jun_Lv01_010.prefab using Guid(ecd4a02d567ea49118c679641b35a360) Importer(815301076,1909f56bfc062723c751e8b465ee728b)  -> (artifact id: '1ac9bee9f4221df4aa3aab893736702d') in 0.007019 seconds 
========================================================================
Received Import Request.
  Time since last request: 2.995676 seconds.
  path: Assets/03.Prefabs/Fish/twoTier/Fish_Jun_Lv01_011.prefab
  artifactKey: Guid(98b2a2d14408d4bdd9272a53ca33a849) Importer(815301076,1909f56bfc062723c751e8b465ee728b)
Start importing Assets/03.Prefabs/Fish/twoTier/Fish_Jun_Lv01_011.prefab using Guid(98b2a2d14408d4bdd9272a53ca33a849) Importer(815301076,1909f56bfc062723c751e8b465ee728b)  -> (artifact id: '372367ec3c7a01fb955b97467ed3b941') in 0.006827 seconds 
========================================================================
Received Import Request.
  Time since last request: 2.049316 seconds.
  path: Assets/03.Prefabs/Fish/twoTier/Fish_Jun_Lv01_011.prefab
  artifactKey: Guid(98b2a2d14408d4bdd9272a53ca33a849) Importer(815301076,1909f56bfc062723c751e8b465ee728b)
Start importing Assets/03.Prefabs/Fish/twoTier/Fish_Jun_Lv01_011.prefab using Guid(98b2a2d14408d4bdd9272a53ca33a849) Importer(815301076,1909f56bfc062723c751e8b465ee728b)  -> (artifact id: '79e0979a3f38b108d149f6574f9c9230') in 0.007621 seconds 
========================================================================
Received Import Request.
  Time since last request: 2.268971 seconds.
  path: Assets/03.Prefabs/Fish/twoTier/Fish_Jun_Lv01_012.prefab
  artifactKey: Guid(c9073e810748e47dd8cd7895fc791572) Importer(815301076,1909f56bfc062723c751e8b465ee728b)
Start importing Assets/03.Prefabs/Fish/twoTier/Fish_Jun_Lv01_012.prefab using Guid(c9073e810748e47dd8cd7895fc791572) Importer(815301076,1909f56bfc062723c751e8b465ee728b)  -> (artifact id: 'd541dc13f229fc71c8e482a557bcb3fe') in 0.007812 seconds 
========================================================================
Received Import Request.
  Time since last request: 2.299261 seconds.
  path: Assets/03.Prefabs/Fish/twoTier/Fish_Jun_Lv01_012.prefab
  artifactKey: Guid(c9073e810748e47dd8cd7895fc791572) Importer(815301076,1909f56bfc062723c751e8b465ee728b)
Start importing Assets/03.Prefabs/Fish/twoTier/Fish_Jun_Lv01_012.prefab using Guid(c9073e810748e47dd8cd7895fc791572) Importer(815301076,1909f56bfc062723c751e8b465ee728b)  -> (artifact id: '974d5193da2696768436945c4418b06a') in 0.008231 seconds 
========================================================================
Received Import Request.
  Time since last request: 2.356957 seconds.
  path: Assets/03.Prefabs/Fish/twoTier/Fish_Jun_Lv01_013.prefab
  artifactKey: Guid(63010e62aa7094edf831a2a3d5b7063c) Importer(815301076,1909f56bfc062723c751e8b465ee728b)
Start importing Assets/03.Prefabs/Fish/twoTier/Fish_Jun_Lv01_013.prefab using Guid(63010e62aa7094edf831a2a3d5b7063c) Importer(815301076,1909f56bfc062723c751e8b465ee728b)  -> (artifact id: '7fc28833de47dfa7ae0b8bd8f6613e6b') in 0.007412 seconds 
========================================================================
Received Import Request.
  Time since last request: 2.018122 seconds.
  path: Assets/03.Prefabs/Fish/twoTier/Fish_Jun_Lv01_013.prefab
  artifactKey: Guid(63010e62aa7094edf831a2a3d5b7063c) Importer(815301076,1909f56bfc062723c751e8b465ee728b)
Start importing Assets/03.Prefabs/Fish/twoTier/Fish_Jun_Lv01_013.prefab using Guid(63010e62aa7094edf831a2a3d5b7063c) Importer(815301076,1909f56bfc062723c751e8b465ee728b)  -> (artifact id: '8a9f8986dac36b11712ea1feaabb35f7') in 0.008145 seconds 
========================================================================
Received Import Request.
  Time since last request: 2.602948 seconds.
  path: Assets/03.Prefabs/Fish/twoTier/Fish_Jun_Lv01_014.prefab
  artifactKey: Guid(6b583d4680a244c28997675ce7a2d143) Importer(815301076,1909f56bfc062723c751e8b465ee728b)
Start importing Assets/03.Prefabs/Fish/twoTier/Fish_Jun_Lv01_014.prefab using Guid(6b583d4680a244c28997675ce7a2d143) Importer(815301076,1909f56bfc062723c751e8b465ee728b)  -> (artifact id: '00f353eaa9df98371e1cef245f08e4dd') in 0.006599 seconds 
========================================================================
Received Import Request.
  Time since last request: 2.445220 seconds.
  path: Assets/03.Prefabs/Fish/twoTier/Fish_Jun_Lv01_014.prefab
  artifactKey: Guid(6b583d4680a244c28997675ce7a2d143) Importer(815301076,1909f56bfc062723c751e8b465ee728b)
Start importing Assets/03.Prefabs/Fish/twoTier/Fish_Jun_Lv01_014.prefab using Guid(6b583d4680a244c28997675ce7a2d143) Importer(815301076,1909f56bfc062723c751e8b465ee728b)  -> (artifact id: 'fd4105a35faf2ca2308b39164d12b356') in 0.007565 seconds 
========================================================================
Received Prepare
Registering precompiled user dll's ...
Registered in 0.001850 seconds.
Begin MonoManager ReloadAssembly
Thread 0x17b77f000 may have been prematurely finalized
Symbol file LoadedFromMemory doesn't match image /Users/bangseunghwan/Documents/GitHub/Voxel_Fishing/Voxel Fishing/Library/PackageCache/com.unity.visualscripting@1.7.8/Editor/VisualScripting.Core/Dependencies/YamlDotNet/Unity.VisualScripting.YamlDotNet.dll
Symbol file LoadedFromMemory doesn't match image /Users/bangseunghwan/Documents/GitHub/Voxel_Fishing/Voxel Fishing/Library/PackageCache/com.unity.visualscripting@1.7.8/Editor/VisualScripting.Core/Dependencies/DotNetZip/Unity.VisualScripting.IonicZip.dll
Native extension for iOS target not found
Native extension for Android target not found
Native extension for OSXStandalone target not found
Refreshing native plugins compatible for Editor in 0.74 ms, found 3 plugins.
Preloading 0 native plugins for Editor in 0.00 ms.
Mono: successfully reloaded assembly
- Completed reload, in  0.792 seconds
Domain Reload Profiling:
	ReloadAssembly (792ms)
		BeginReloadAssembly (92ms)
			ExecutionOrderSort (0ms)
			DisableScriptedObjects (2ms)
			BackupInstance (0ms)
			ReleaseScriptingObjects (0ms)
			CreateAndSetChildDomain (39ms)
		EndReloadAssembly (638ms)
			LoadAssemblies (41ms)
			RebuildTransferFunctionScriptingTraits (0ms)
			SetupTypeCache (220ms)
			ReleaseScriptCaches (2ms)
			RebuildScriptCaches (44ms)
			SetupLoadedEditorAssemblies (302ms)
				LogAssemblyErrors (0ms)
				InitializePlatformSupportModulesInManaged (19ms)
				SetLoadedEditorAssemblies (0ms)
				RefreshPlugins (1ms)
				BeforeProcessingInitializeOnLoad (65ms)
				ProcessInitializeOnLoadAttributes (170ms)
				ProcessInitializeOnLoadMethodAttributes (46ms)
				AfterProcessingInitializeOnLoad (1ms)
				EditorAssembliesLoaded (0ms)
			ExecutionOrderSort2 (0ms)
			AwakeInstancesAfterBackupRestoration (2ms)
Platform modules already initialized, skipping
Refreshing native plugins compatible for Editor in 1.65 ms, found 3 plugins.
Preloading 0 native plugins for Editor in 0.00 ms.
Unloading 5239 Unused Serialized files (Serialized files now loaded: 0)
Unloading 37 unused Assets / (421.3 KB). Loaded Objects now: 5840.
Memory consumption went from 384.5 MB to 384.1 MB.
Total: 3.269333 ms (FindLiveObjects: 0.236500 ms CreateObjectMapping: 0.074959 ms MarkObjects: 2.811416 ms  DeleteObjects: 0.144875 ms)

AssetImportParameters requested are different than current active one (requested -> active):
  custom:video-decoder-ogg-theora: a1e56fd34408186e4bbccfd4996cb3dc -> 
  custom:container-muxer-webm: aa71ff27fc2769a1b78a27578f13a17b -> 
  custom:container-demuxer-webm: 4f35f7cbe854078d1ac9338744f61a02 -> 
  custom:video-encoder-webm-vp8: eb34c28f22e8b96e1ab97ce403110664 -> 
  custom:framework-osx-AVFoundation: e770b220cccbd017edd2c1fefb359320 -> 
  custom:audio-encoder-webm-vorbis: bf7c407c2cedff20999df2af8eb42d56 -> 
  custom:container-demuxer-ogg: 62fdf1f143b41e24485cea50d1cbac27 -> 
  custom:video-decoder-webm-vp8: 9c59270c3fd7afecdb556c50c9e8de78 -> 
  custom:audio-decoder-ogg-vorbis: bf7c407c2cedff20999df2af8eb42d56 -> 
========================================================================
Received Import Request.
  Time since last request: 92.113000 seconds.
  path: Assets/04.Models/Fish_Jun_Lv01_001.fbx
  artifactKey: Guid(00829c75e03d74a80ae63b96bce98755) Importer(815301076,1909f56bfc062723c751e8b465ee728b)
Start importing Assets/04.Models/Fish_Jun_Lv01_001.fbx using Guid(00829c75e03d74a80ae63b96bce98755) Importer(815301076,1909f56bfc062723c751e8b465ee728b)  -> (artifact id: 'f4ae1cedf7d39411bd25b6141a192bc9') in 0.058457 seconds 
========================================================================
Received Import Request.
  Time since last request: 3.795150 seconds.
  path: Assets/04.Models/Fish_Jun_Lv01_002.fbx
  artifactKey: Guid(cdaec5671433e4a7f9f3021a879e375a) Importer(815301076,1909f56bfc062723c751e8b465ee728b)
Start importing Assets/04.Models/Fish_Jun_Lv01_002.fbx using Guid(cdaec5671433e4a7f9f3021a879e375a) Importer(815301076,1909f56bfc062723c751e8b465ee728b)  -> (artifact id: '2089cf408dc50286efe132971a6769a8') in 0.015222 seconds 
========================================================================
Received Import Request.
  Time since last request: 3.803900 seconds.
  path: Assets/04.Models/Fish_Jun_Lv01_003.fbx
  artifactKey: Guid(4422ba854fab4466ea1c50da2291f9b5) Importer(815301076,1909f56bfc062723c751e8b465ee728b)
Start importing Assets/04.Models/Fish_Jun_Lv01_003.fbx using Guid(4422ba854fab4466ea1c50da2291f9b5) Importer(815301076,1909f56bfc062723c751e8b465ee728b)  -> (artifact id: '80d0de03fcc75eb0abf194ac77dfac72') in 0.015478 seconds 
========================================================================
Received Import Request.
  Time since last request: 2.831624 seconds.
  path: Assets/04.Models/Fish_Jun_Lv01_004.fbx
  artifactKey: Guid(e2ad19e40b6a745c6b6c27fd7bbd90b8) Importer(815301076,1909f56bfc062723c751e8b465ee728b)
Start importing Assets/04.Models/Fish_Jun_Lv01_004.fbx using Guid(e2ad19e40b6a745c6b6c27fd7bbd90b8) Importer(815301076,1909f56bfc062723c751e8b465ee728b)  -> (artifact id: '8ae9580e47d1fd07230143c586e61695') in 0.016487 seconds 
========================================================================
Received Import Request.
  Time since last request: 2.108147 seconds.
  path: Assets/04.Models/Fish_Jun_Lv01_005.fbx
  artifactKey: Guid(ff3f123144f304664bc38c70d5644523) Importer(815301076,1909f56bfc062723c751e8b465ee728b)
Start importing Assets/04.Models/Fish_Jun_Lv01_005.fbx using Guid(ff3f123144f304664bc38c70d5644523) Importer(815301076,1909f56bfc062723c751e8b465ee728b)  -> (artifact id: 'f3d155fc0120da78f6effbf192eaa7bb') in 0.016925 seconds 
========================================================================
Received Import Request.
  Time since last request: 3.150669 seconds.
  path: Assets/04.Models/Fish_Jun_Lv01_006.fbx
  artifactKey: Guid(c1e211119cbdd4860844bc59ccb90a48) Importer(815301076,1909f56bfc062723c751e8b465ee728b)
Start importing Assets/04.Models/Fish_Jun_Lv01_006.fbx using Guid(c1e211119cbdd4860844bc59ccb90a48) Importer(815301076,1909f56bfc062723c751e8b465ee728b)  -> (artifact id: '55bf3b2eb81d3bcc874b9bd223d4bf05') in 0.019610 seconds 
========================================================================
Received Import Request.
  Time since last request: 7.267821 seconds.
  path: Assets/04.Models/Fish_Jun_Lv01_007.fbx
  artifactKey: Guid(c509f486856164bfd98eb0f02528400b) Importer(815301076,1909f56bfc062723c751e8b465ee728b)
Start importing Assets/04.Models/Fish_Jun_Lv01_007.fbx using Guid(c509f486856164bfd98eb0f02528400b) Importer(815301076,1909f56bfc062723c751e8b465ee728b)  -> (artifact id: '1350bd86e9e89271d34dc6a25346e355') in 0.017081 seconds 
========================================================================
Received Import Request.
  Time since last request: 1.988062 seconds.
  path: Assets/04.Models/Fish_Jun_Lv01_008.fbx
  artifactKey: Guid(41cad5193d9b44c7d84b9d8053a3f2e5) Importer(815301076,1909f56bfc062723c751e8b465ee728b)
Start importing Assets/04.Models/Fish_Jun_Lv01_008.fbx using Guid(41cad5193d9b44c7d84b9d8053a3f2e5) Importer(815301076,1909f56bfc062723c751e8b465ee728b)  -> (artifact id: '349ba5eb30fa655dd77b38b36d81129a') in 0.015236 seconds 
========================================================================
Received Import Request.
  Time since last request: 2.623621 seconds.
  path: Assets/04.Models/Fish_Jun_Lv01_009.fbx
  artifactKey: Guid(5cc5f92312ef64d458f0007dca3540f5) Importer(815301076,1909f56bfc062723c751e8b465ee728b)
Start importing Assets/04.Models/Fish_Jun_Lv01_009.fbx using Guid(5cc5f92312ef64d458f0007dca3540f5) Importer(815301076,1909f56bfc062723c751e8b465ee728b)  -> (artifact id: 'a9ca875ab39055d18c10a7efcd0a7058') in 0.016200 seconds 
========================================================================
Received Import Request.
  Time since last request: 2.312157 seconds.
  path: Assets/04.Models/Fish_Jun_Lv01_010.fbx
  artifactKey: Guid(096180ebe88d740a999fface6f9ee78b) Importer(815301076,1909f56bfc062723c751e8b465ee728b)
Start importing Assets/04.Models/Fish_Jun_Lv01_010.fbx using Guid(096180ebe88d740a999fface6f9ee78b) Importer(815301076,1909f56bfc062723c751e8b465ee728b)  -> (artifact id: '59b95cf7202eae2aa2c9bb808ab18466') in 0.015665 seconds 
========================================================================
Received Import Request.
  Time since last request: 2.097875 seconds.
  path: Assets/04.Models/Fish_Jun_Lv01_011.fbx
  artifactKey: Guid(79dc1d115de5e47358bbf3f33e12e92d) Importer(815301076,1909f56bfc062723c751e8b465ee728b)
Start importing Assets/04.Models/Fish_Jun_Lv01_011.fbx using Guid(79dc1d115de5e47358bbf3f33e12e92d) Importer(815301076,1909f56bfc062723c751e8b465ee728b)  -> (artifact id: 'b20e4762af64162768bd50f00f13b0a0') in 0.016460 seconds 
========================================================================
Received Import Request.
  Time since last request: 1.833148 seconds.
  path: Assets/04.Models/Fish_Jun_Lv01_012.fbx
  artifactKey: Guid(bb7d2e7aad92644ddb476127fe45b72b) Importer(815301076,1909f56bfc062723c751e8b465ee728b)
Start importing Assets/04.Models/Fish_Jun_Lv01_012.fbx using Guid(bb7d2e7aad92644ddb476127fe45b72b) Importer(815301076,1909f56bfc062723c751e8b465ee728b)  -> (artifact id: '10944d34163e79f149221c00a0cab933') in 0.016778 seconds 
========================================================================
Received Import Request.
  Time since last request: 2.158348 seconds.
  path: Assets/04.Models/Fish_Jun_Lv01_013.fbx
  artifactKey: Guid(54cb5bfea8c3942d483d3666c72ce2c5) Importer(815301076,1909f56bfc062723c751e8b465ee728b)
Start importing Assets/04.Models/Fish_Jun_Lv01_013.fbx using Guid(54cb5bfea8c3942d483d3666c72ce2c5) Importer(815301076,1909f56bfc062723c751e8b465ee728b)  -> (artifact id: 'af657c75c82bfbc379d8d0825b42872c') in 0.016639 seconds 
========================================================================
Received Import Request.
  Time since last request: 2.865613 seconds.
  path: Assets/04.Models/Fish_Jun_Lv01_014.fbx
  artifactKey: Guid(7c480d47ce59e472aaae1e72d8cad3be) Importer(815301076,1909f56bfc062723c751e8b465ee728b)
Start importing Assets/04.Models/Fish_Jun_Lv01_014.fbx using Guid(7c480d47ce59e472aaae1e72d8cad3be) Importer(815301076,1909f56bfc062723c751e8b465ee728b)  -> (artifact id: 'a85e5a80c608c934d13263a66ad2299b') in 0.015476 seconds 
========================================================================
Received Prepare
Registering precompiled user dll's ...
Registered in 0.001600 seconds.
Begin MonoManager ReloadAssembly
Thread 0x17e78b000 may have been prematurely finalized
Symbol file LoadedFromMemory doesn't match image /Users/bangseunghwan/Documents/GitHub/Voxel_Fishing/Voxel Fishing/Library/PackageCache/com.unity.visualscripting@1.7.8/Editor/VisualScripting.Core/Dependencies/YamlDotNet/Unity.VisualScripting.YamlDotNet.dll
Symbol file LoadedFromMemory doesn't match image /Users/bangseunghwan/Documents/GitHub/Voxel_Fishing/Voxel Fishing/Library/PackageCache/com.unity.visualscripting@1.7.8/Editor/VisualScripting.Core/Dependencies/DotNetZip/Unity.VisualScripting.IonicZip.dll
Native extension for iOS target not found
Native extension for Android target not found
Native extension for OSXStandalone target not found
Refreshing native plugins compatible for Editor in 0.77 ms, found 3 plugins.
Preloading 0 native plugins for Editor in 0.00 ms.
Mono: successfully reloaded assembly
- Completed reload, in  0.740 seconds
Domain Reload Profiling:
	ReloadAssembly (741ms)
		BeginReloadAssembly (78ms)
			ExecutionOrderSort (0ms)
			DisableScriptedObjects (2ms)
			BackupInstance (0ms)
			ReleaseScriptingObjects (0ms)
			CreateAndSetChildDomain (30ms)
		EndReloadAssembly (605ms)
			LoadAssemblies (35ms)
			RebuildTransferFunctionScriptingTraits (0ms)
			SetupTypeCache (193ms)
			ReleaseScriptCaches (1ms)
			RebuildScriptCaches (38ms)
			SetupLoadedEditorAssemblies (306ms)
				LogAssemblyErrors (0ms)
				InitializePlatformSupportModulesInManaged (21ms)
				SetLoadedEditorAssemblies (0ms)
				RefreshPlugins (1ms)
				BeforeProcessingInitializeOnLoad (63ms)
				ProcessInitializeOnLoadAttributes (174ms)
				ProcessInitializeOnLoadMethodAttributes (46ms)
				AfterProcessingInitializeOnLoad (1ms)
				EditorAssembliesLoaded (0ms)
			ExecutionOrderSort2 (0ms)
			AwakeInstancesAfterBackupRestoration (2ms)
Platform modules already initialized, skipping
Refreshing native plugins compatible for Editor in 1.50 ms, found 3 plugins.
Preloading 0 native plugins for Editor in 0.00 ms.
Unloading 5239 Unused Serialized files (Serialized files now loaded: 0)
Unloading 37 unused Assets / (421.3 KB). Loaded Objects now: 5855.
Memory consumption went from 384.9 MB to 384.5 MB.
Total: 2.881042 ms (FindLiveObjects: 0.204542 ms CreateObjectMapping: 0.064083 ms MarkObjects: 2.506708 ms  DeleteObjects: 0.104750 ms)

AssetImportParameters requested are different than current active one (requested -> active):
  custom:video-decoder-ogg-theora: a1e56fd34408186e4bbccfd4996cb3dc -> 
  custom:container-muxer-webm: aa71ff27fc2769a1b78a27578f13a17b -> 
  custom:container-demuxer-webm: 4f35f7cbe854078d1ac9338744f61a02 -> 
  custom:video-encoder-webm-vp8: eb34c28f22e8b96e1ab97ce403110664 -> 
  custom:framework-osx-AVFoundation: e770b220cccbd017edd2c1fefb359320 -> 
  custom:audio-encoder-webm-vorbis: bf7c407c2cedff20999df2af8eb42d56 -> 
  custom:container-demuxer-ogg: 62fdf1f143b41e24485cea50d1cbac27 -> 
  custom:video-decoder-webm-vp8: 9c59270c3fd7afecdb556c50c9e8de78 -> 
  custom:audio-decoder-ogg-vorbis: bf7c407c2cedff20999df2af8eb42d56 -> 
