Unity Editor version:    2021.3.6f1 (7da38d85baf6)
Branch:                  2021.3/staging
Build type:              Release
Batch mode:              YES
macOS version:           Version 12.2.1 (Build 21D62)
Darwin version:          21.3.0
Architecture:            arm64
Running under Rosetta:   NO
Available memory:        16384 MB
Using pre-set license
Pro License: YES

COMMAND LINE ARGUMENTS:
/Applications/Unity/Hub/Editor/2021.3.6f1/Unity.app/Contents/MacOS/Unity
-adb2
-batchMode
-noUpm
-name
AssetImportWorker1
-projectPath
/Users/bangseunghwan/Documents/GitHub/Voxel_Fishing/Voxel Fishing
-logFile
Logs/AssetImportWorker1.log
-srvPort
51976
Successfully changed project path to: /Users/bangseunghwan/Documents/GitHub/Voxel_Fishing/Voxel Fishing
/Users/bangseunghwan/Documents/GitHub/Voxel_Fishing/Voxel Fishing
[UnityMemory] Configuration Parameters - Can be set up in boot.config
    "memorysetup-bucket-allocator-granularity=16"
    "memorysetup-bucket-allocator-bucket-count=8"
    "memorysetup-bucket-allocator-block-size=33554432"
    "memorysetup-bucket-allocator-block-count=8"
    "memorysetup-main-allocator-block-size=16777216"
    "memorysetup-thread-allocator-block-size=16777216"
    "memorysetup-gfx-main-allocator-block-size=16777216"
    "memorysetup-gfx-thread-allocator-block-size=16777216"
    "memorysetup-cache-allocator-block-size=4194304"
    "memorysetup-typetree-allocator-block-size=2097152"
    "memorysetup-profiler-bucket-allocator-granularity=16"
    "memorysetup-profiler-bucket-allocator-bucket-count=8"
    "memorysetup-profiler-bucket-allocator-block-size=33554432"
    "memorysetup-profiler-bucket-allocator-block-count=8"
    "memorysetup-profiler-allocator-block-size=16777216"
    "memorysetup-profiler-editor-allocator-block-size=1048576"
    "memorysetup-temp-allocator-size-main=16777216"
    "memorysetup-job-temp-allocator-block-size=2097152"
    "memorysetup-job-temp-allocator-block-size-background=1048576"
    "memorysetup-job-temp-allocator-reduction-small-platforms=262144"
    "memorysetup-temp-allocator-size-background-worker=32768"
    "memorysetup-temp-allocator-size-job-worker=262144"
    "memorysetup-temp-allocator-size-preload-manager=33554432"
    "memorysetup-temp-allocator-size-nav-mesh-worker=65536"
    "memorysetup-temp-allocator-size-audio-worker=65536"
    "memorysetup-temp-allocator-size-cloud-worker=32768"
    "memorysetup-temp-allocator-size-gi-baking-worker=262144"
    "memorysetup-temp-allocator-size-gfx=262144"
Refreshing native plugins compatible for Editor in 77.37 ms, found 3 plugins.
Preloading 0 native plugins for Editor in 0.00 ms.
Initialize engine version: 2021.3.6f1 (7da38d85baf6)
[Subsystems] Discovering subsystems at path /Applications/Unity/Hub/Editor/2021.3.6f1/Unity.app/Contents/Resources/UnitySubsystems
[Subsystems] Discovering subsystems at path /Users/bangseunghwan/Documents/GitHub/Voxel_Fishing/Voxel Fishing/Assets
GfxDevice: creating device client; threaded=0; jobified=0
 preferred device: Apple M1 (high power)
Metal devices available: 1
0: Apple M1 (high power)
Using device Apple M1 (high power)
Initializing Metal device caps: Apple M1
Initialize mono
Mono path[0] = '/Applications/Unity/Hub/Editor/2021.3.6f1/Unity.app/Contents/Managed'
Mono path[1] = '/Applications/Unity/Hub/Editor/2021.3.6f1/Unity.app/Contents/MonoBleedingEdge/lib/mono/unityjit-macos'
Mono config path = '/Applications/Unity/Hub/Editor/2021.3.6f1/Unity.app/Contents/MonoBleedingEdge/etc'
Using monoOptions --debugger-agent=transport=dt_socket,embedding=1,server=y,suspend=n,address=127.0.0.1:56550
Begin MonoManager ReloadAssembly
Registering precompiled unity dll's ...
Register platform support module: /Applications/Unity/Hub/Editor/2021.3.6f1/Unity.app/Contents/PlaybackEngines/MacStandaloneSupport/UnityEditor.OSXStandalone.Extensions.dll
Register platform support module: /Applications/Unity/Hub/Editor/2021.3.6f1/PlaybackEngines/AndroidPlayer/UnityEditor.Android.Extensions.dll
Register platform support module: /Applications/Unity/Hub/Editor/2021.3.6f1/PlaybackEngines/iOSSupport/UnityEditor.iOS.Extensions.dll
Registered in 0.000640 seconds.
[usbmuxd] Start listen thread
[usbmuxd] Listen thread started
[usbmuxd] Send listen message
Native extension for iOS target not found
2022-07-28 17:03:42.379 Unity[7550:190525] [XcodeApplications] Failed to read NSDictionary from path ĝFx/Contents/Info.plist
Native extension for Android target not found
Native extension for OSXStandalone target not found
Refreshing native plugins compatible for Editor in 90.75 ms, found 3 plugins.
Preloading 0 native plugins for Editor in 0.00 ms.
Mono: successfully reloaded assembly
- Completed reload, in  0.451 seconds
Domain Reload Profiling:
	ReloadAssembly (452ms)
		BeginReloadAssembly (29ms)
			ExecutionOrderSort (0ms)
			DisableScriptedObjects (0ms)
			BackupInstance (0ms)
			ReleaseScriptingObjects (0ms)
			CreateAndSetChildDomain (0ms)
		EndReloadAssembly (360ms)
			LoadAssemblies (29ms)
			RebuildTransferFunctionScriptingTraits (0ms)
			SetupTypeCache (67ms)
			ReleaseScriptCaches (0ms)
			RebuildScriptCaches (19ms)
			SetupLoadedEditorAssemblies (248ms)
				LogAssemblyErrors (0ms)
				InitializePlatformSupportModulesInManaged (83ms)
				SetLoadedEditorAssemblies (0ms)
				RefreshPlugins (91ms)
				BeforeProcessingInitializeOnLoad (1ms)
				ProcessInitializeOnLoadAttributes (50ms)
				ProcessInitializeOnLoadMethodAttributes (24ms)
				AfterProcessingInitializeOnLoad (0ms)
				EditorAssembliesLoaded (0ms)
			ExecutionOrderSort2 (0ms)
			AwakeInstancesAfterBackupRestoration (0ms)
Platform modules already initialized, skipping
Registering precompiled user dll's ...
Registered in 0.001500 seconds.
Android Extension - Scanning For ADB Devices 540 ms
Begin MonoManager ReloadAssembly
Symbol file LoadedFromMemory doesn't match image /Users/bangseunghwan/Documents/GitHub/Voxel_Fishing/Voxel Fishing/Library/PackageCache/com.unity.visualscripting@1.7.8/Editor/VisualScripting.Core/Dependencies/YamlDotNet/Unity.VisualScripting.YamlDotNet.dll
Symbol file LoadedFromMemory doesn't match image /Users/bangseunghwan/Documents/GitHub/Voxel_Fishing/Voxel Fishing/Library/PackageCache/com.unity.visualscripting@1.7.8/Editor/VisualScripting.Core/Dependencies/DotNetZip/Unity.VisualScripting.IonicZip.dll
Native extension for iOS target not found
2022-07-28 17:03:43.453 Unity[7550:190525] [XcodeApplications] Failed to read NSDictionary from path ĝFx/Contents/Info.plist
Native extension for Android target not found
Native extension for OSXStandalone target not found
Refreshing native plugins compatible for Editor in 83.78 ms, found 3 plugins.
Preloading 0 native plugins for Editor in 0.00 ms.
Mono: successfully reloaded assembly
- Completed reload, in  0.805 seconds
Domain Reload Profiling:
	ReloadAssembly (806ms)
		BeginReloadAssembly (57ms)
			ExecutionOrderSort (0ms)
			DisableScriptedObjects (3ms)
			BackupInstance (0ms)
			ReleaseScriptingObjects (0ms)
			CreateAndSetChildDomain (14ms)
		EndReloadAssembly (682ms)
			LoadAssemblies (37ms)
			RebuildTransferFunctionScriptingTraits (0ms)
			SetupTypeCache (187ms)
			ReleaseScriptCaches (5ms)
			RebuildScriptCaches (44ms)
			SetupLoadedEditorAssemblies (379ms)
				LogAssemblyErrors (0ms)
				InitializePlatformSupportModulesInManaged (13ms)
				SetLoadedEditorAssemblies (0ms)
				RefreshPlugins (84ms)
				BeforeProcessingInitializeOnLoad (74ms)
				ProcessInitializeOnLoadAttributes (165ms)
				ProcessInitializeOnLoadMethodAttributes (42ms)
				AfterProcessingInitializeOnLoad (1ms)
				EditorAssembliesLoaded (0ms)
			ExecutionOrderSort2 (0ms)
			AwakeInstancesAfterBackupRestoration (2ms)
Platform modules already initialized, skipping
========================================================================
Worker process is ready to serve import requests
Launching external process: /Applications/Unity/Hub/Editor/2021.3.6f1/Unity.app/Contents/Tools/UnityShaderCompiler
Launched and connected shader compiler UnityShaderCompiler after 0.05 seconds
Refreshing native plugins compatible for Editor in 0.50 ms, found 3 plugins.
Preloading 0 native plugins for Editor in 0.00 ms.
Unloading 5280 Unused Serialized files (Serialized files now loaded: 0)
Unloading 55 unused Assets / (422.1 KB). Loaded Objects now: 5763.
Memory consumption went from 339.9 MB to 339.5 MB.
Total: 2.559709 ms (FindLiveObjects: 0.176125 ms CreateObjectMapping: 0.062041 ms MarkObjects: 2.209708 ms  DeleteObjects: 0.111208 ms)

AssetImportParameters requested are different than current active one (requested -> active):
  custom:video-decoder-ogg-theora: a1e56fd34408186e4bbccfd4996cb3dc -> 
  custom:container-muxer-webm: aa71ff27fc2769a1b78a27578f13a17b -> 
  custom:container-demuxer-webm: 4f35f7cbe854078d1ac9338744f61a02 -> 
  custom:video-encoder-webm-vp8: eb34c28f22e8b96e1ab97ce403110664 -> 
  custom:framework-osx-AVFoundation: e770b220cccbd017edd2c1fefb359320 -> 
  custom:audio-encoder-webm-vorbis: bf7c407c2cedff20999df2af8eb42d56 -> 
  custom:container-demuxer-ogg: 62fdf1f143b41e24485cea50d1cbac27 -> 
  custom:video-decoder-webm-vp8: 9c59270c3fd7afecdb556c50c9e8de78 -> 
  custom:audio-decoder-ogg-vorbis: bf7c407c2cedff20999df2af8eb42d56 -> 
========================================================================
Received Import Request.
  Time since last request: 26493.820534 seconds.
  path: Assets/03.Prefabs/Fish/threeTier/LV3.psd
  artifactKey: Guid(2b71a352426a54f8681a1d8c57cfd34e) Importer(815301076,1909f56bfc062723c751e8b465ee728b)
Start importing Assets/03.Prefabs/Fish/threeTier/LV3.psd using Guid(2b71a352426a54f8681a1d8c57cfd34e) Importer(815301076,1909f56bfc062723c751e8b465ee728b)  -> (artifact id: 'f2a22b621470f95dc41fd60deef821d6') in 0.418853 seconds 
========================================================================
Received Import Request.
  Time since last request: 59.106456 seconds.
  path: Assets/04.Models/LV3/LV3.psd
  artifactKey: Guid(86decd356b6174d55938fee39b6edc1b) Importer(815301076,1909f56bfc062723c751e8b465ee728b)
Start importing Assets/04.Models/LV3/LV3.psd using Guid(86decd356b6174d55938fee39b6edc1b) Importer(815301076,1909f56bfc062723c751e8b465ee728b)  -> (artifact id: '7997ec70be4cba0c7f09edf181b630ef') in 0.006609 seconds 
========================================================================
Received Import Request.
  Time since last request: 37.063258 seconds.
  path: Assets/04.Models/LV4/LV4.psd
  artifactKey: Guid(ac49e203302cc4743b7277c9a126470e) Importer(815301076,1909f56bfc062723c751e8b465ee728b)
Start importing Assets/04.Models/LV4/LV4.psd using Guid(ac49e203302cc4743b7277c9a126470e) Importer(815301076,1909f56bfc062723c751e8b465ee728b)  -> (artifact id: '2cb5b8352eccc8bc686eb038134f7e5f') in 0.011071 seconds 
========================================================================
Received Import Request.
  Time since last request: 1.229677 seconds.
  path: Assets/04.Models/LV5/LV5.png
  artifactKey: Guid(93a9cc91c589049c39aa8aedc12464f2) Importer(815301076,1909f56bfc062723c751e8b465ee728b)
Start importing Assets/04.Models/LV5/LV5.png using Guid(93a9cc91c589049c39aa8aedc12464f2) Importer(815301076,1909f56bfc062723c751e8b465ee728b)  -> (artifact id: 'dcce6cd2e4899f048218fd7da08bf8d8') in 0.056720 seconds 
========================================================================
Received Import Request.
  Time since last request: 17.823665 seconds.
  path: Assets/04.Models/Lv6/LV6.fbx
  artifactKey: Guid(79d22915575b24f45b0aaeb40f685b6e) Importer(815301076,1909f56bfc062723c751e8b465ee728b)
Start importing Assets/04.Models/Lv6/LV6.fbx using Guid(79d22915575b24f45b0aaeb40f685b6e) Importer(815301076,1909f56bfc062723c751e8b465ee728b)  -> (artifact id: 'ba8ceeebbb217b8b5a03553ba74cbac9') in 0.116105 seconds 
========================================================================
Received Import Request.
  Time since last request: 44.512822 seconds.
  path: Assets/04.Models/LV3/001/001.fbx
  artifactKey: Guid(a5365350840364cc394ad691e9c571d1) Importer(815301076,1909f56bfc062723c751e8b465ee728b)
Start importing Assets/04.Models/LV3/001/001.fbx using Guid(a5365350840364cc394ad691e9c571d1) Importer(815301076,1909f56bfc062723c751e8b465ee728b)  -> (artifact id: '7c7599f58da364ac2f4a21360c318c40') in 0.027387 seconds 
========================================================================
Received Import Request.
  Time since last request: 7.977679 seconds.
  path: Assets/04.Models/LV3/002/002.fbx
  artifactKey: Guid(66573840ced2348bd80bf7de24991719) Importer(815301076,1909f56bfc062723c751e8b465ee728b)
Start importing Assets/04.Models/LV3/002/002.fbx using Guid(66573840ced2348bd80bf7de24991719) Importer(815301076,1909f56bfc062723c751e8b465ee728b)  -> (artifact id: 'a81b32f3059be5344d5a18fcbc804229') in 0.036349 seconds 
========================================================================
Received Import Request.
  Time since last request: 38.946776 seconds.
  path: Assets/04.Models/LV3/004/004.fbx
  artifactKey: Guid(5ef291dd8619c4ec2877fae6858be0fd) Importer(815301076,1909f56bfc062723c751e8b465ee728b)
Start importing Assets/04.Models/LV3/004/004.fbx using Guid(5ef291dd8619c4ec2877fae6858be0fd) Importer(815301076,1909f56bfc062723c751e8b465ee728b)  -> (artifact id: 'ec7f5a9062a2554d9ce11d43f2373b29') in 0.034477 seconds 
========================================================================
Received Import Request.
  Time since last request: 0.000053 seconds.
  path: Assets/04.Models/LV3/004/004.png
  artifactKey: Guid(9dda51dd2e7a64133b199cb56f159eb9) Importer(815301076,1909f56bfc062723c751e8b465ee728b)
Start importing Assets/04.Models/LV3/004/004.png using Guid(9dda51dd2e7a64133b199cb56f159eb9) Importer(815301076,1909f56bfc062723c751e8b465ee728b)  -> (artifact id: '4c60c2038c8f8dde0026afbe02dc1280') in 0.007738 seconds 
========================================================================
Received Import Request.
  Time since last request: 0.483199 seconds.
  path: Assets/04.Models/LV3/003/003.fbx
  artifactKey: Guid(38df90c28c1884eaabcc1beae7874ac8) Importer(815301076,1909f56bfc062723c751e8b465ee728b)
Start importing Assets/04.Models/LV3/003/003.fbx using Guid(38df90c28c1884eaabcc1beae7874ac8) Importer(815301076,1909f56bfc062723c751e8b465ee728b)  -> (artifact id: '91d051af9d45d6b6dc6f137dd7045d58') in 0.035854 seconds 
========================================================================
Received Import Request.
  Time since last request: 335.678726 seconds.
  path: Assets/04.Models/LV3/005/005.fbx
  artifactKey: Guid(bdd18c6a1c00949d4ab4625bb3de2ab5) Importer(815301076,1909f56bfc062723c751e8b465ee728b)
Start importing Assets/04.Models/LV3/005/005.fbx using Guid(bdd18c6a1c00949d4ab4625bb3de2ab5) Importer(815301076,1909f56bfc062723c751e8b465ee728b)  -> (artifact id: '65a629d48c17f02708565177468f6806') in 0.035314 seconds 
========================================================================
Received Import Request.
  Time since last request: 0.135733 seconds.
  path: Assets/04.Models/LV3/006/006.fbx
  artifactKey: Guid(ac912e39bbf14401c9f198f38a78acb0) Importer(815301076,1909f56bfc062723c751e8b465ee728b)
Start importing Assets/04.Models/LV3/006/006.fbx using Guid(ac912e39bbf14401c9f198f38a78acb0) Importer(815301076,1909f56bfc062723c751e8b465ee728b)  -> (artifact id: '948bc83a335f623194373e5d78a19e9a') in 0.025027 seconds 
========================================================================
Received Import Request.
  Time since last request: 1.342109 seconds.
  path: Assets/04.Models/LV3/009/009.fbx
  artifactKey: Guid(92392d587e54341ca90a2b93ed0fb0cd) Importer(815301076,1909f56bfc062723c751e8b465ee728b)
Start importing Assets/04.Models/LV3/009/009.fbx using Guid(92392d587e54341ca90a2b93ed0fb0cd) Importer(815301076,1909f56bfc062723c751e8b465ee728b)  -> (artifact id: 'd6df79f884cf9b97081054f546254211') in 0.036022 seconds 
========================================================================
Received Import Request.
  Time since last request: 0.000131 seconds.
  path: Assets/04.Models/LV3/009/009.png
  artifactKey: Guid(52547772aebb84eeab32d4ccd114077f) Importer(815301076,1909f56bfc062723c751e8b465ee728b)
Start importing Assets/04.Models/LV3/009/009.png using Guid(52547772aebb84eeab32d4ccd114077f) Importer(815301076,1909f56bfc062723c751e8b465ee728b)  -> (artifact id: '6dc0201c3b9d377bc00ef9f06fe94ae5') in 0.008154 seconds 
========================================================================
Received Import Request.
  Time since last request: 0.442367 seconds.
  path: Assets/04.Models/LV3/008/008.fbx
  artifactKey: Guid(d58019cc46c8f4084941e6d0ed1b3f7e) Importer(815301076,1909f56bfc062723c751e8b465ee728b)
Start importing Assets/04.Models/LV3/008/008.fbx using Guid(d58019cc46c8f4084941e6d0ed1b3f7e) Importer(815301076,1909f56bfc062723c751e8b465ee728b)  -> (artifact id: '71bc71b501f37586ea5f4375a2a8fd5c') in 0.035315 seconds 
========================================================================
Received Import Request.
  Time since last request: 0.000040 seconds.
  path: Assets/04.Models/LV3/008/008.png
  artifactKey: Guid(cc18521a1ec504fd5b54c6a5ed5d5ce8) Importer(815301076,1909f56bfc062723c751e8b465ee728b)
Start importing Assets/04.Models/LV3/008/008.png using Guid(cc18521a1ec504fd5b54c6a5ed5d5ce8) Importer(815301076,1909f56bfc062723c751e8b465ee728b)  -> (artifact id: 'f310c36bee838fa1d64c400153a6be9e') in 0.007779 seconds 
========================================================================
Received Import Request.
  Time since last request: 5.867106 seconds.
  path: Assets/04.Models/LV3/007/007.fbx
  artifactKey: Guid(d66cb142439e44e4e9c7d3e4e497ca0d) Importer(815301076,1909f56bfc062723c751e8b465ee728b)
Start importing Assets/04.Models/LV3/007/007.fbx using Guid(d66cb142439e44e4e9c7d3e4e497ca0d) Importer(815301076,1909f56bfc062723c751e8b465ee728b)  -> (artifact id: '924f8f748df1e61ada838fd65657da28') in 0.033023 seconds 
========================================================================
Received Import Request.
  Time since last request: 0.000102 seconds.
  path: Assets/04.Models/LV3/007/스크린샷 2022-01-11 오후 12.06.55.png
  artifactKey: Guid(6e6c87e695d744c59beea4d3717ec950) Importer(815301076,1909f56bfc062723c751e8b465ee728b)
Start importing Assets/04.Models/LV3/007/스크린샷 2022-01-11 오후 12.06.55.png using Guid(6e6c87e695d744c59beea4d3717ec950) Importer(815301076,1909f56bfc062723c751e8b465ee728b)  -> (artifact id: '4c09a7fb5ca64ceab6d8973233db35da') in 0.007405 seconds 
========================================================================
Received Prepare
Registering precompiled user dll's ...
Registered in 0.001429 seconds.
Begin MonoManager ReloadAssembly
Thread 0x28852f000 may have been prematurely finalized
Symbol file LoadedFromMemory doesn't match image /Users/bangseunghwan/Documents/GitHub/Voxel_Fishing/Voxel Fishing/Library/PackageCache/com.unity.visualscripting@1.7.8/Editor/VisualScripting.Core/Dependencies/YamlDotNet/Unity.VisualScripting.YamlDotNet.dll
Symbol file LoadedFromMemory doesn't match image /Users/bangseunghwan/Documents/GitHub/Voxel_Fishing/Voxel Fishing/Library/PackageCache/com.unity.visualscripting@1.7.8/Editor/VisualScripting.Core/Dependencies/DotNetZip/Unity.VisualScripting.IonicZip.dll
Native extension for iOS target not found
2022-07-28 17:15:52.645 Unity[7550:190525] [XcodeApplications] Failed to read NSDictionary from path ĝFx/Contents/Info.plist
Native extension for Android target not found
Native extension for OSXStandalone target not found
Refreshing native plugins compatible for Editor in 0.95 ms, found 3 plugins.
Preloading 0 native plugins for Editor in 0.00 ms.
Mono: successfully reloaded assembly
- Completed reload, in  0.745 seconds
Domain Reload Profiling:
	ReloadAssembly (745ms)
		BeginReloadAssembly (84ms)
			ExecutionOrderSort (0ms)
			DisableScriptedObjects (2ms)
			BackupInstance (0ms)
			ReleaseScriptingObjects (0ms)
			CreateAndSetChildDomain (33ms)
		EndReloadAssembly (601ms)
			LoadAssemblies (39ms)
			RebuildTransferFunctionScriptingTraits (0ms)
			SetupTypeCache (210ms)
			ReleaseScriptCaches (2ms)
			RebuildScriptCaches (40ms)
			SetupLoadedEditorAssemblies (282ms)
				LogAssemblyErrors (0ms)
				InitializePlatformSupportModulesInManaged (19ms)
				SetLoadedEditorAssemblies (0ms)
				RefreshPlugins (1ms)
				BeforeProcessingInitializeOnLoad (57ms)
				ProcessInitializeOnLoadAttributes (161ms)
				ProcessInitializeOnLoadMethodAttributes (44ms)
				AfterProcessingInitializeOnLoad (1ms)
				EditorAssembliesLoaded (0ms)
			ExecutionOrderSort2 (0ms)
			AwakeInstancesAfterBackupRestoration (2ms)
Platform modules already initialized, skipping
Refreshing native plugins compatible for Editor in 1.40 ms, found 3 plugins.
Preloading 0 native plugins for Editor in 0.00 ms.
Unloading 5239 Unused Serialized files (Serialized files now loaded: 0)
Unloading 37 unused Assets / (422.3 KB). Loaded Objects now: 5824.
Memory consumption went from 367.4 MB to 367.0 MB.
Total: 2.846209 ms (FindLiveObjects: 0.302875 ms CreateObjectMapping: 0.127750 ms MarkObjects: 2.324250 ms  DeleteObjects: 0.090625 ms)

AssetImportParameters requested are different than current active one (requested -> active):
  custom:video-decoder-ogg-theora: a1e56fd34408186e4bbccfd4996cb3dc -> 
  custom:container-muxer-webm: aa71ff27fc2769a1b78a27578f13a17b -> 
  custom:container-demuxer-webm: 4f35f7cbe854078d1ac9338744f61a02 -> 
  custom:video-encoder-webm-vp8: eb34c28f22e8b96e1ab97ce403110664 -> 
  custom:framework-osx-AVFoundation: e770b220cccbd017edd2c1fefb359320 -> 
  custom:audio-encoder-webm-vorbis: bf7c407c2cedff20999df2af8eb42d56 -> 
  custom:container-demuxer-ogg: 62fdf1f143b41e24485cea50d1cbac27 -> 
  custom:video-decoder-webm-vp8: 9c59270c3fd7afecdb556c50c9e8de78 -> 
  custom:audio-decoder-ogg-vorbis: bf7c407c2cedff20999df2af8eb42d56 -> 
========================================================================
Received Prepare
Registering precompiled user dll's ...
Registered in 0.001855 seconds.
Begin MonoManager ReloadAssembly
Thread 0x17e647000 may have been prematurely finalized
Symbol file LoadedFromMemory doesn't match image /Users/bangseunghwan/Documents/GitHub/Voxel_Fishing/Voxel Fishing/Library/PackageCache/com.unity.visualscripting@1.7.8/Editor/VisualScripting.Core/Dependencies/YamlDotNet/Unity.VisualScripting.YamlDotNet.dll
Symbol file LoadedFromMemory doesn't match image /Users/bangseunghwan/Documents/GitHub/Voxel_Fishing/Voxel Fishing/Library/PackageCache/com.unity.visualscripting@1.7.8/Editor/VisualScripting.Core/Dependencies/DotNetZip/Unity.VisualScripting.IonicZip.dll
Native extension for iOS target not found
2022-07-28 17:29:47.388 Unity[7550:190525] [XcodeApplications] Failed to read NSDictionary from path ĝFx/Contents/Info.plist
Native extension for Android target not found
Native extension for OSXStandalone target not found
Refreshing native plugins compatible for Editor in 0.87 ms, found 3 plugins.
Preloading 0 native plugins for Editor in 0.00 ms.
Mono: successfully reloaded assembly
- Completed reload, in  0.792 seconds
Domain Reload Profiling:
	ReloadAssembly (792ms)
		BeginReloadAssembly (89ms)
			ExecutionOrderSort (0ms)
			DisableScriptedObjects (2ms)
			BackupInstance (0ms)
			ReleaseScriptingObjects (0ms)
			CreateAndSetChildDomain (36ms)
		EndReloadAssembly (640ms)
			LoadAssemblies (43ms)
			RebuildTransferFunctionScriptingTraits (0ms)
			SetupTypeCache (219ms)
			ReleaseScriptCaches (2ms)
			RebuildScriptCaches (44ms)
			SetupLoadedEditorAssemblies (303ms)
				LogAssemblyErrors (0ms)
				InitializePlatformSupportModulesInManaged (20ms)
				SetLoadedEditorAssemblies (0ms)
				RefreshPlugins (1ms)
				BeforeProcessingInitializeOnLoad (66ms)
				ProcessInitializeOnLoadAttributes (168ms)
				ProcessInitializeOnLoadMethodAttributes (47ms)
				AfterProcessingInitializeOnLoad (1ms)
				EditorAssembliesLoaded (0ms)
			ExecutionOrderSort2 (0ms)
			AwakeInstancesAfterBackupRestoration (2ms)
Platform modules already initialized, skipping
Refreshing native plugins compatible for Editor in 1.63 ms, found 3 plugins.
Preloading 0 native plugins for Editor in 0.00 ms.
Unloading 5239 Unused Serialized files (Serialized files now loaded: 0)
Unloading 37 unused Assets / (422.2 KB). Loaded Objects now: 5839.
Memory consumption went from 367.6 MB to 367.2 MB.
Total: 3.196833 ms (FindLiveObjects: 0.262167 ms CreateObjectMapping: 0.074416 ms MarkObjects: 2.754750 ms  DeleteObjects: 0.104625 ms)

AssetImportParameters requested are different than current active one (requested -> active):
  custom:video-decoder-ogg-theora: a1e56fd34408186e4bbccfd4996cb3dc -> 
  custom:container-muxer-webm: aa71ff27fc2769a1b78a27578f13a17b -> 
  custom:container-demuxer-webm: 4f35f7cbe854078d1ac9338744f61a02 -> 
  custom:video-encoder-webm-vp8: eb34c28f22e8b96e1ab97ce403110664 -> 
  custom:framework-osx-AVFoundation: e770b220cccbd017edd2c1fefb359320 -> 
  custom:audio-encoder-webm-vorbis: bf7c407c2cedff20999df2af8eb42d56 -> 
  custom:container-demuxer-ogg: 62fdf1f143b41e24485cea50d1cbac27 -> 
  custom:video-decoder-webm-vp8: 9c59270c3fd7afecdb556c50c9e8de78 -> 
  custom:audio-decoder-ogg-vorbis: bf7c407c2cedff20999df2af8eb42d56 -> 
========================================================================
Received Prepare
Registering precompiled user dll's ...
Registered in 0.001603 seconds.
Begin MonoManager ReloadAssembly
Thread 0x17e647000 may have been prematurely finalized
Symbol file LoadedFromMemory doesn't match image /Users/bangseunghwan/Documents/GitHub/Voxel_Fishing/Voxel Fishing/Library/PackageCache/com.unity.visualscripting@1.7.8/Editor/VisualScripting.Core/Dependencies/YamlDotNet/Unity.VisualScripting.YamlDotNet.dll
Symbol file LoadedFromMemory doesn't match image /Users/bangseunghwan/Documents/GitHub/Voxel_Fishing/Voxel Fishing/Library/PackageCache/com.unity.visualscripting@1.7.8/Editor/VisualScripting.Core/Dependencies/DotNetZip/Unity.VisualScripting.IonicZip.dll
Native extension for iOS target not found
2022-07-28 17:31:47.466 Unity[7550:190525] [XcodeApplications] Failed to read NSDictionary from path ĝFx/Contents/Info.plist
Native extension for Android target not found
Native extension for OSXStandalone target not found
Refreshing native plugins compatible for Editor in 0.79 ms, found 3 plugins.
Preloading 0 native plugins for Editor in 0.00 ms.
Mono: successfully reloaded assembly
- Completed reload, in  0.734 seconds
Domain Reload Profiling:
	ReloadAssembly (735ms)
		BeginReloadAssembly (76ms)
			ExecutionOrderSort (0ms)
			DisableScriptedObjects (2ms)
			BackupInstance (0ms)
			ReleaseScriptingObjects (0ms)
			CreateAndSetChildDomain (30ms)
		EndReloadAssembly (602ms)
			LoadAssemblies (33ms)
			RebuildTransferFunctionScriptingTraits (0ms)
			SetupTypeCache (193ms)
			ReleaseScriptCaches (1ms)
			RebuildScriptCaches (36ms)
			SetupLoadedEditorAssemblies (305ms)
				LogAssemblyErrors (0ms)
				InitializePlatformSupportModulesInManaged (20ms)
				SetLoadedEditorAssemblies (0ms)
				RefreshPlugins (1ms)
				BeforeProcessingInitializeOnLoad (63ms)
				ProcessInitializeOnLoadAttributes (174ms)
				ProcessInitializeOnLoadMethodAttributes (46ms)
				AfterProcessingInitializeOnLoad (1ms)
				EditorAssembliesLoaded (0ms)
			ExecutionOrderSort2 (0ms)
			AwakeInstancesAfterBackupRestoration (2ms)
Platform modules already initialized, skipping
Refreshing native plugins compatible for Editor in 1.55 ms, found 3 plugins.
Preloading 0 native plugins for Editor in 0.00 ms.
Unloading 5239 Unused Serialized files (Serialized files now loaded: 0)
Unloading 37 unused Assets / (421.2 KB). Loaded Objects now: 5854.
Memory consumption went from 368.0 MB to 367.5 MB.
Total: 3.189291 ms (FindLiveObjects: 0.241042 ms CreateObjectMapping: 0.072125 ms MarkObjects: 2.710458 ms  DeleteObjects: 0.165000 ms)

AssetImportParameters requested are different than current active one (requested -> active):
  custom:video-decoder-ogg-theora: a1e56fd34408186e4bbccfd4996cb3dc -> 
  custom:container-muxer-webm: aa71ff27fc2769a1b78a27578f13a17b -> 
  custom:container-demuxer-webm: 4f35f7cbe854078d1ac9338744f61a02 -> 
  custom:video-encoder-webm-vp8: eb34c28f22e8b96e1ab97ce403110664 -> 
  custom:framework-osx-AVFoundation: e770b220cccbd017edd2c1fefb359320 -> 
  custom:audio-encoder-webm-vorbis: bf7c407c2cedff20999df2af8eb42d56 -> 
  custom:container-demuxer-ogg: 62fdf1f143b41e24485cea50d1cbac27 -> 
  custom:video-decoder-webm-vp8: 9c59270c3fd7afecdb556c50c9e8de78 -> 
  custom:audio-decoder-ogg-vorbis: bf7c407c2cedff20999df2af8eb42d56 -> 
