Unity Editor version:    2021.3.6f1 (7da38d85baf6)
Branch:                  2021.3/staging
Build type:              Release
Batch mode:              YES
macOS version:           Version 12.2.1 (Build 21D62)
Darwin version:          21.3.0
Architecture:            arm64
Running under Rosetta:   NO
Available memory:        16384 MB
Using pre-set license
Pro License: YES

COMMAND LINE ARGUMENTS:
/Applications/Unity/Hub/Editor/2021.3.6f1/Unity.app/Contents/MacOS/Unity
-adb2
-batchMode
-noUpm
-name
AssetImportWorker0
-projectPath
/Users/bangseunghwan/Documents/GitHub/Voxel_Fishing/Voxel Fishing
-logFile
Logs/AssetImportWorker0.log
-srvPort
50289
Successfully changed project path to: /Users/bangseunghwan/Documents/GitHub/Voxel_Fishing/Voxel Fishing
/Users/bangseunghwan/Documents/GitHub/Voxel_Fishing/Voxel Fishing
[UnityMemory] Configuration Parameters - Can be set up in boot.config
    "memorysetup-bucket-allocator-granularity=16"
    "memorysetup-bucket-allocator-bucket-count=8"
    "memorysetup-bucket-allocator-block-size=33554432"
    "memorysetup-bucket-allocator-block-count=8"
    "memorysetup-main-allocator-block-size=16777216"
    "memorysetup-thread-allocator-block-size=16777216"
    "memorysetup-gfx-main-allocator-block-size=16777216"
    "memorysetup-gfx-thread-allocator-block-size=16777216"
    "memorysetup-cache-allocator-block-size=4194304"
    "memorysetup-typetree-allocator-block-size=2097152"
    "memorysetup-profiler-bucket-allocator-granularity=16"
    "memorysetup-profiler-bucket-allocator-bucket-count=8"
    "memorysetup-profiler-bucket-allocator-block-size=33554432"
    "memorysetup-profiler-bucket-allocator-block-count=8"
    "memorysetup-profiler-allocator-block-size=16777216"
    "memorysetup-profiler-editor-allocator-block-size=1048576"
    "memorysetup-temp-allocator-size-main=16777216"
    "memorysetup-job-temp-allocator-block-size=2097152"
    "memorysetup-job-temp-allocator-block-size-background=1048576"
    "memorysetup-job-temp-allocator-reduction-small-platforms=262144"
    "memorysetup-temp-allocator-size-background-worker=32768"
    "memorysetup-temp-allocator-size-job-worker=262144"
    "memorysetup-temp-allocator-size-preload-manager=33554432"
    "memorysetup-temp-allocator-size-nav-mesh-worker=65536"
    "memorysetup-temp-allocator-size-audio-worker=65536"
    "memorysetup-temp-allocator-size-cloud-worker=32768"
    "memorysetup-temp-allocator-size-gi-baking-worker=262144"
    "memorysetup-temp-allocator-size-gfx=262144"
Refreshing native plugins compatible for Editor in 95.97 ms, found 1 plugins.
Preloading 0 native plugins for Editor in 0.00 ms.
Initialize engine version: 2021.3.6f1 (7da38d85baf6)
[Subsystems] Discovering subsystems at path /Applications/Unity/Hub/Editor/2021.3.6f1/Unity.app/Contents/Resources/UnitySubsystems
[Subsystems] Discovering subsystems at path /Users/bangseunghwan/Documents/GitHub/Voxel_Fishing/Voxel Fishing/Assets
GfxDevice: creating device client; threaded=0; jobified=0
 preferred device: Apple M1 (high power)
Metal devices available: 1
0: Apple M1 (high power)
Using device Apple M1 (high power)
Initializing Metal device caps: Apple M1
Initialize mono
Mono path[0] = '/Applications/Unity/Hub/Editor/2021.3.6f1/Unity.app/Contents/Managed'
Mono path[1] = '/Applications/Unity/Hub/Editor/2021.3.6f1/Unity.app/Contents/MonoBleedingEdge/lib/mono/unityjit-macos'
Mono config path = '/Applications/Unity/Hub/Editor/2021.3.6f1/Unity.app/Contents/MonoBleedingEdge/etc'
Using monoOptions --debugger-agent=transport=dt_socket,embedding=1,server=y,suspend=n,address=127.0.0.1:56968
Begin MonoManager ReloadAssembly
Registering precompiled unity dll's ...
Register platform support module: /Applications/Unity/Hub/Editor/2021.3.6f1/Unity.app/Contents/PlaybackEngines/MacStandaloneSupport/UnityEditor.OSXStandalone.Extensions.dll
Register platform support module: /Applications/Unity/Hub/Editor/2021.3.6f1/PlaybackEngines/AndroidPlayer/UnityEditor.Android.Extensions.dll
Register platform support module: /Applications/Unity/Hub/Editor/2021.3.6f1/PlaybackEngines/iOSSupport/UnityEditor.iOS.Extensions.dll
Registered in 0.000597 seconds.
[usbmuxd] Start listen thread
[usbmuxd] Listen thread started
[usbmuxd] Send listen message
Native extension for iOS target not found
Native extension for Android target not found
Native extension for OSXStandalone target not found
Refreshing native plugins compatible for Editor in 101.51 ms, found 1 plugins.
Preloading 0 native plugins for Editor in 0.00 ms.
Mono: successfully reloaded assembly
- Completed reload, in  0.474 seconds
Domain Reload Profiling:
	ReloadAssembly (475ms)
		BeginReloadAssembly (30ms)
			ExecutionOrderSort (0ms)
			DisableScriptedObjects (0ms)
			BackupInstance (0ms)
			ReleaseScriptingObjects (0ms)
			CreateAndSetChildDomain (0ms)
		EndReloadAssembly (374ms)
			LoadAssemblies (30ms)
			RebuildTransferFunctionScriptingTraits (0ms)
			SetupTypeCache (78ms)
			ReleaseScriptCaches (0ms)
			RebuildScriptCaches (22ms)
			SetupLoadedEditorAssemblies (243ms)
				LogAssemblyErrors (0ms)
				InitializePlatformSupportModulesInManaged (70ms)
				SetLoadedEditorAssemblies (0ms)
				RefreshPlugins (102ms)
				BeforeProcessingInitializeOnLoad (1ms)
				ProcessInitializeOnLoadAttributes (48ms)
				ProcessInitializeOnLoadMethodAttributes (23ms)
				AfterProcessingInitializeOnLoad (0ms)
				EditorAssembliesLoaded (0ms)
			ExecutionOrderSort2 (0ms)
			AwakeInstancesAfterBackupRestoration (0ms)
Platform modules already initialized, skipping
Registering precompiled user dll's ...
Registered in 0.002929 seconds.
Android Extension - Scanning For ADB Devices 548 ms
Begin MonoManager ReloadAssembly
Symbol file LoadedFromMemory doesn't match image /Users/bangseunghwan/Documents/GitHub/Voxel_Fishing/Voxel Fishing/Library/PackageCache/com.unity.visualscripting@1.7.8/Editor/VisualScripting.Core/Dependencies/DotNetZip/Unity.VisualScripting.IonicZip.dll
Symbol file LoadedFromMemory doesn't match image /Users/bangseunghwan/Documents/GitHub/Voxel_Fishing/Voxel Fishing/Library/PackageCache/com.unity.visualscripting@1.7.8/Editor/VisualScripting.Core/Dependencies/YamlDotNet/Unity.VisualScripting.YamlDotNet.dll
Native extension for iOS target not found
2022-08-22 15:16:16.875 Unity[5968:128942] [XcodeApplications] Failed to read NSDictionary from path Ä>i/Contents/Info.plist
Native extension for Android target not found
Native extension for OSXStandalone target not found
Refreshing native plugins compatible for Editor in 104.21 ms, found 1 plugins.
Preloading 0 native plugins for Editor in 0.00 ms.
Mono: successfully reloaded assembly
- Completed reload, in  0.922 seconds
Domain Reload Profiling:
	ReloadAssembly (922ms)
		BeginReloadAssembly (58ms)
			ExecutionOrderSort (0ms)
			DisableScriptedObjects (3ms)
			BackupInstance (0ms)
			ReleaseScriptingObjects (0ms)
			CreateAndSetChildDomain (14ms)
		EndReloadAssembly (795ms)
			LoadAssemblies (37ms)
			RebuildTransferFunctionScriptingTraits (0ms)
			SetupTypeCache (186ms)
			ReleaseScriptCaches (4ms)
			RebuildScriptCaches (45ms)
			SetupLoadedEditorAssemblies (495ms)
				LogAssemblyErrors (0ms)
				InitializePlatformSupportModulesInManaged (13ms)
				SetLoadedEditorAssemblies (0ms)
				RefreshPlugins (104ms)
				BeforeProcessingInitializeOnLoad (83ms)
				ProcessInitializeOnLoadAttributes (249ms)
				ProcessInitializeOnLoadMethodAttributes (45ms)
				AfterProcessingInitializeOnLoad (1ms)
				EditorAssembliesLoaded (0ms)
			ExecutionOrderSort2 (0ms)
			AwakeInstancesAfterBackupRestoration (3ms)
Platform modules already initialized, skipping
========================================================================
Worker process is ready to serve import requests
Launching external process: /Applications/Unity/Hub/Editor/2021.3.6f1/Unity.app/Contents/Tools/UnityShaderCompiler
Launched and connected shader compiler UnityShaderCompiler after 0.04 seconds
Refreshing native plugins compatible for Editor in 1.40 ms, found 1 plugins.
Preloading 0 native plugins for Editor in 0.00 ms.
Unloading 5958 Unused Serialized files (Serialized files now loaded: 0)
Unloading 231 unused Assets / (0.8 MB). Loaded Objects now: 6288.
Memory consumption went from 371.1 MB to 370.3 MB.
Total: 3.282208 ms (FindLiveObjects: 0.328708 ms CreateObjectMapping: 0.069625 ms MarkObjects: 2.611916 ms  DeleteObjects: 0.271125 ms)

AssetImportParameters requested are different than current active one (requested -> active):
  custom:video-decoder-ogg-theora: a1e56fd34408186e4bbccfd4996cb3dc -> 
  custom:container-muxer-webm: aa71ff27fc2769a1b78a27578f13a17b -> 
  custom:container-demuxer-webm: 4f35f7cbe854078d1ac9338744f61a02 -> 
  custom:video-encoder-webm-vp8: eb34c28f22e8b96e1ab97ce403110664 -> 
  custom:framework-osx-AVFoundation: e770b220cccbd017edd2c1fefb359320 -> 
  custom:audio-encoder-webm-vorbis: bf7c407c2cedff20999df2af8eb42d56 -> 
  custom:container-demuxer-ogg: 62fdf1f143b41e24485cea50d1cbac27 -> 
  custom:video-decoder-webm-vp8: 9c59270c3fd7afecdb556c50c9e8de78 -> 
  custom:audio-decoder-ogg-vorbis: bf7c407c2cedff20999df2af8eb42d56 -> 
========================================================================
Received Import Request.
  Time since last request: 16775.122077 seconds.
  path: Assets/03.Prefabs/Fish/fiveTier/004.prefab
  artifactKey: Guid(dbf2544ab1d824d2f9edd30b720e4ce8) Importer(815301076,1909f56bfc062723c751e8b465ee728b)
Start importing Assets/03.Prefabs/Fish/fiveTier/004.prefab using Guid(dbf2544ab1d824d2f9edd30b720e4ce8) Importer(815301076,1909f56bfc062723c751e8b465ee728b)  -> (artifact id: '882fa1bb086d86bb47d057e03c922157') in 0.163301 seconds 
========================================================================
Received Import Request.
  Time since last request: 0.727201 seconds.
  path: Assets/03.Prefabs/Fish/fiveTier/004.prefab
  artifactKey: Guid(dbf2544ab1d824d2f9edd30b720e4ce8) Importer(815301076,1909f56bfc062723c751e8b465ee728b)
Start importing Assets/03.Prefabs/Fish/fiveTier/004.prefab using Guid(dbf2544ab1d824d2f9edd30b720e4ce8) Importer(815301076,1909f56bfc062723c751e8b465ee728b)  -> (artifact id: 'aa0e31f3e9b41ba89d51a9ea252f495d') in 0.010046 seconds 
========================================================================
Received Import Request.
  Time since last request: 4.422795 seconds.
  path: Assets/03.Prefabs/Fish/fiveTier/004.prefab
  artifactKey: Guid(dbf2544ab1d824d2f9edd30b720e4ce8) Importer(815301076,1909f56bfc062723c751e8b465ee728b)
Start importing Assets/03.Prefabs/Fish/fiveTier/004.prefab using Guid(dbf2544ab1d824d2f9edd30b720e4ce8) Importer(815301076,1909f56bfc062723c751e8b465ee728b)  -> (artifact id: 'a0217f79961e407be6f90fcb000e04b0') in 0.008242 seconds 
========================================================================
Received Import Request.
  Time since last request: 1.815271 seconds.
  path: Assets/03.Prefabs/Fish/fiveTier/004.prefab
  artifactKey: Guid(dbf2544ab1d824d2f9edd30b720e4ce8) Importer(815301076,1909f56bfc062723c751e8b465ee728b)
Start importing Assets/03.Prefabs/Fish/fiveTier/004.prefab using Guid(dbf2544ab1d824d2f9edd30b720e4ce8) Importer(815301076,1909f56bfc062723c751e8b465ee728b)  -> (artifact id: 'bbcede5a4390a2b53137963b13292d55') in 0.007892 seconds 
========================================================================
Received Import Request.
  Time since last request: 9.621426 seconds.
  path: Assets/03.Prefabs/Fish/fiveTier/004.prefab
  artifactKey: Guid(dbf2544ab1d824d2f9edd30b720e4ce8) Importer(815301076,1909f56bfc062723c751e8b465ee728b)
Start importing Assets/03.Prefabs/Fish/fiveTier/004.prefab using Guid(dbf2544ab1d824d2f9edd30b720e4ce8) Importer(815301076,1909f56bfc062723c751e8b465ee728b)  -> (artifact id: '3dd19246cffe37a3652df12f802def7d') in 0.007443 seconds 
========================================================================
Received Import Request.
  Time since last request: 0.771832 seconds.
  path: Assets/03.Prefabs/Fish/fiveTier/004.prefab
  artifactKey: Guid(dbf2544ab1d824d2f9edd30b720e4ce8) Importer(815301076,1909f56bfc062723c751e8b465ee728b)
Start importing Assets/03.Prefabs/Fish/fiveTier/004.prefab using Guid(dbf2544ab1d824d2f9edd30b720e4ce8) Importer(815301076,1909f56bfc062723c751e8b465ee728b)  -> (artifact id: 'a592371356cc502d9b025a2259a09086') in 0.009312 seconds 
========================================================================
Received Import Request.
  Time since last request: 2.047977 seconds.
  path: Assets/03.Prefabs/Fish/fiveTier/004.prefab
  artifactKey: Guid(dbf2544ab1d824d2f9edd30b720e4ce8) Importer(815301076,1909f56bfc062723c751e8b465ee728b)
Start importing Assets/03.Prefabs/Fish/fiveTier/004.prefab using Guid(dbf2544ab1d824d2f9edd30b720e4ce8) Importer(815301076,1909f56bfc062723c751e8b465ee728b)  -> (artifact id: 'd600cf4d204d77528ac9c98938426ee4') in 0.011003 seconds 
========================================================================
Received Import Request.
  Time since last request: 1.165846 seconds.
  path: Assets/03.Prefabs/Fish/fiveTier/004.prefab
  artifactKey: Guid(dbf2544ab1d824d2f9edd30b720e4ce8) Importer(815301076,1909f56bfc062723c751e8b465ee728b)
Start importing Assets/03.Prefabs/Fish/fiveTier/004.prefab using Guid(dbf2544ab1d824d2f9edd30b720e4ce8) Importer(815301076,1909f56bfc062723c751e8b465ee728b)  -> (artifact id: '8e6ea14a106ab99bab2ad512cb185afe') in 0.007224 seconds 
========================================================================
Received Import Request.
  Time since last request: 1.594843 seconds.
  path: Assets/03.Prefabs/Fish/fiveTier/004.prefab
  artifactKey: Guid(dbf2544ab1d824d2f9edd30b720e4ce8) Importer(815301076,1909f56bfc062723c751e8b465ee728b)
Start importing Assets/03.Prefabs/Fish/fiveTier/004.prefab using Guid(dbf2544ab1d824d2f9edd30b720e4ce8) Importer(815301076,1909f56bfc062723c751e8b465ee728b)  -> (artifact id: 'b25928c06970738625dc299ff93b515a') in 0.008501 seconds 
========================================================================
Received Import Request.
  Time since last request: 2.206471 seconds.
  path: Assets/03.Prefabs/Fish/fiveTier/004.prefab
  artifactKey: Guid(dbf2544ab1d824d2f9edd30b720e4ce8) Importer(815301076,1909f56bfc062723c751e8b465ee728b)
Start importing Assets/03.Prefabs/Fish/fiveTier/004.prefab using Guid(dbf2544ab1d824d2f9edd30b720e4ce8) Importer(815301076,1909f56bfc062723c751e8b465ee728b)  -> (artifact id: '78997c3b04d99e2bc328f9c1e737d2c2') in 0.008798 seconds 
========================================================================
Received Import Request.
  Time since last request: 1.809147 seconds.
  path: Assets/03.Prefabs/Fish/fiveTier/004.prefab
  artifactKey: Guid(dbf2544ab1d824d2f9edd30b720e4ce8) Importer(815301076,1909f56bfc062723c751e8b465ee728b)
Start importing Assets/03.Prefabs/Fish/fiveTier/004.prefab using Guid(dbf2544ab1d824d2f9edd30b720e4ce8) Importer(815301076,1909f56bfc062723c751e8b465ee728b)  -> (artifact id: '8b30332231ba3c268dcf2707a5104721') in 0.007270 seconds 
========================================================================
Received Import Request.
  Time since last request: 1.618521 seconds.
  path: Assets/03.Prefabs/Fish/fiveTier/004.prefab
  artifactKey: Guid(dbf2544ab1d824d2f9edd30b720e4ce8) Importer(815301076,1909f56bfc062723c751e8b465ee728b)
Start importing Assets/03.Prefabs/Fish/fiveTier/004.prefab using Guid(dbf2544ab1d824d2f9edd30b720e4ce8) Importer(815301076,1909f56bfc062723c751e8b465ee728b)  -> (artifact id: '269994f3fcf5be176d06b6b58a513794') in 0.007763 seconds 
========================================================================
Received Import Request.
  Time since last request: 2.427882 seconds.
  path: Assets/03.Prefabs/Fish/fiveTier/004.prefab
  artifactKey: Guid(dbf2544ab1d824d2f9edd30b720e4ce8) Importer(815301076,1909f56bfc062723c751e8b465ee728b)
Start importing Assets/03.Prefabs/Fish/fiveTier/004.prefab using Guid(dbf2544ab1d824d2f9edd30b720e4ce8) Importer(815301076,1909f56bfc062723c751e8b465ee728b)  -> (artifact id: '9eb9eb149bc99d08811bbbeb93ede2fc') in 0.007567 seconds 
========================================================================
Received Import Request.
  Time since last request: 5.936735 seconds.
  path: Assets/03.Prefabs/Fish/fiveTier/004.prefab
  artifactKey: Guid(dbf2544ab1d824d2f9edd30b720e4ce8) Importer(815301076,1909f56bfc062723c751e8b465ee728b)
Start importing Assets/03.Prefabs/Fish/fiveTier/004.prefab using Guid(dbf2544ab1d824d2f9edd30b720e4ce8) Importer(815301076,1909f56bfc062723c751e8b465ee728b)  -> (artifact id: '173ba8cb63c715ca25b815647a669cd4') in 0.008471 seconds 
========================================================================
Received Import Request.
  Time since last request: 1.621666 seconds.
  path: Assets/03.Prefabs/Fish/fiveTier/004.prefab
  artifactKey: Guid(dbf2544ab1d824d2f9edd30b720e4ce8) Importer(815301076,1909f56bfc062723c751e8b465ee728b)
Start importing Assets/03.Prefabs/Fish/fiveTier/004.prefab using Guid(dbf2544ab1d824d2f9edd30b720e4ce8) Importer(815301076,1909f56bfc062723c751e8b465ee728b)  -> (artifact id: '37cd02c3ba25108918145773082eb7e8') in 0.008553 seconds 
========================================================================
Received Import Request.
  Time since last request: 4.455329 seconds.
  path: Assets/03.Prefabs/Fish/fiveTier/004.prefab
  artifactKey: Guid(dbf2544ab1d824d2f9edd30b720e4ce8) Importer(815301076,1909f56bfc062723c751e8b465ee728b)
Start importing Assets/03.Prefabs/Fish/fiveTier/004.prefab using Guid(dbf2544ab1d824d2f9edd30b720e4ce8) Importer(815301076,1909f56bfc062723c751e8b465ee728b)  -> (artifact id: 'd1bdc122e770de4eb5fece1a5a951770') in 0.008528 seconds 
========================================================================
Received Import Request.
  Time since last request: 3.405896 seconds.
  path: Assets/03.Prefabs/Fish/fiveTier/004.prefab
  artifactKey: Guid(dbf2544ab1d824d2f9edd30b720e4ce8) Importer(815301076,1909f56bfc062723c751e8b465ee728b)
Start importing Assets/03.Prefabs/Fish/fiveTier/004.prefab using Guid(dbf2544ab1d824d2f9edd30b720e4ce8) Importer(815301076,1909f56bfc062723c751e8b465ee728b)  -> (artifact id: 'dd802bc47332a65853aa885ee35ebd79') in 0.008396 seconds 
========================================================================
Received Import Request.
  Time since last request: 4.072135 seconds.
  path: Assets/03.Prefabs/Fish/fiveTier/005.prefab
  artifactKey: Guid(2c54d84d09f0c4642abd6c6f9162969b) Importer(815301076,1909f56bfc062723c751e8b465ee728b)
Start importing Assets/03.Prefabs/Fish/fiveTier/005.prefab using Guid(2c54d84d09f0c4642abd6c6f9162969b) Importer(815301076,1909f56bfc062723c751e8b465ee728b)  -> (artifact id: '9edb7ca00d52213e1d89bc8beb24837d') in 0.008895 seconds 
========================================================================
Received Import Request.
  Time since last request: 1.449897 seconds.
  path: Assets/03.Prefabs/Fish/fiveTier/005.prefab
  artifactKey: Guid(2c54d84d09f0c4642abd6c6f9162969b) Importer(815301076,1909f56bfc062723c751e8b465ee728b)
Start importing Assets/03.Prefabs/Fish/fiveTier/005.prefab using Guid(2c54d84d09f0c4642abd6c6f9162969b) Importer(815301076,1909f56bfc062723c751e8b465ee728b)  -> (artifact id: 'b5e689d4b91f40814a15385e6d638bbb') in 0.008790 seconds 
========================================================================
Received Import Request.
  Time since last request: 2.101922 seconds.
  path: Assets/03.Prefabs/Fish/fiveTier/005.prefab
  artifactKey: Guid(2c54d84d09f0c4642abd6c6f9162969b) Importer(815301076,1909f56bfc062723c751e8b465ee728b)
Start importing Assets/03.Prefabs/Fish/fiveTier/005.prefab using Guid(2c54d84d09f0c4642abd6c6f9162969b) Importer(815301076,1909f56bfc062723c751e8b465ee728b)  -> (artifact id: '09a8f8e5a16a406d01ab32258cba2b51') in 0.007725 seconds 
========================================================================
Received Import Request.
  Time since last request: 1.450568 seconds.
  path: Assets/03.Prefabs/Fish/fiveTier/005.prefab
  artifactKey: Guid(2c54d84d09f0c4642abd6c6f9162969b) Importer(815301076,1909f56bfc062723c751e8b465ee728b)
Start importing Assets/03.Prefabs/Fish/fiveTier/005.prefab using Guid(2c54d84d09f0c4642abd6c6f9162969b) Importer(815301076,1909f56bfc062723c751e8b465ee728b)  -> (artifact id: '4895bcf565b2bcf079846d96080ded23') in 0.008857 seconds 
========================================================================
Received Import Request.
  Time since last request: 2.444405 seconds.
  path: Assets/03.Prefabs/Fish/fiveTier/005.prefab
  artifactKey: Guid(2c54d84d09f0c4642abd6c6f9162969b) Importer(815301076,1909f56bfc062723c751e8b465ee728b)
Start importing Assets/03.Prefabs/Fish/fiveTier/005.prefab using Guid(2c54d84d09f0c4642abd6c6f9162969b) Importer(815301076,1909f56bfc062723c751e8b465ee728b)  -> (artifact id: '8f2b0eb2452f3eb77f94f3094c405aad') in 0.008407 seconds 
========================================================================
Received Import Request.
  Time since last request: 4.635910 seconds.
  path: Assets/03.Prefabs/Fish/fiveTier/005.prefab
  artifactKey: Guid(2c54d84d09f0c4642abd6c6f9162969b) Importer(815301076,1909f56bfc062723c751e8b465ee728b)
Start importing Assets/03.Prefabs/Fish/fiveTier/005.prefab using Guid(2c54d84d09f0c4642abd6c6f9162969b) Importer(815301076,1909f56bfc062723c751e8b465ee728b)  -> (artifact id: '869f943fdbd72d23eaac24cf7722b185') in 0.008979 seconds 
========================================================================
Received Import Request.
  Time since last request: 10.556782 seconds.
  path: Assets/03.Prefabs/Fish/fiveTier/005.prefab
  artifactKey: Guid(2c54d84d09f0c4642abd6c6f9162969b) Importer(815301076,1909f56bfc062723c751e8b465ee728b)
Start importing Assets/03.Prefabs/Fish/fiveTier/005.prefab using Guid(2c54d84d09f0c4642abd6c6f9162969b) Importer(815301076,1909f56bfc062723c751e8b465ee728b)  -> (artifact id: 'f50ad1a14cc9b9e0ee04401d87ec2e57') in 0.007523 seconds 
========================================================================
Received Import Request.
  Time since last request: 1.377129 seconds.
  path: Assets/03.Prefabs/Fish/fiveTier/005.prefab
  artifactKey: Guid(2c54d84d09f0c4642abd6c6f9162969b) Importer(815301076,1909f56bfc062723c751e8b465ee728b)
Start importing Assets/03.Prefabs/Fish/fiveTier/005.prefab using Guid(2c54d84d09f0c4642abd6c6f9162969b) Importer(815301076,1909f56bfc062723c751e8b465ee728b)  -> (artifact id: '2f4551ba8a59c62939e09b6c0d26ae3f') in 0.009657 seconds 
========================================================================
Received Import Request.
  Time since last request: 4.009760 seconds.
  path: Assets/03.Prefabs/Fish/fiveTier/005.prefab
  artifactKey: Guid(2c54d84d09f0c4642abd6c6f9162969b) Importer(815301076,1909f56bfc062723c751e8b465ee728b)
Start importing Assets/03.Prefabs/Fish/fiveTier/005.prefab using Guid(2c54d84d09f0c4642abd6c6f9162969b) Importer(815301076,1909f56bfc062723c751e8b465ee728b)  -> (artifact id: '9411c67a2c8eafb6bcd5e21353b82d1d') in 0.007463 seconds 
========================================================================
Received Import Request.
  Time since last request: 1.420633 seconds.
  path: Assets/03.Prefabs/Fish/fiveTier/005.prefab
  artifactKey: Guid(2c54d84d09f0c4642abd6c6f9162969b) Importer(815301076,1909f56bfc062723c751e8b465ee728b)
Start importing Assets/03.Prefabs/Fish/fiveTier/005.prefab using Guid(2c54d84d09f0c4642abd6c6f9162969b) Importer(815301076,1909f56bfc062723c751e8b465ee728b)  -> (artifact id: 'd58d4068d44f2f977d3eaae98be2a791') in 0.007317 seconds 
========================================================================
Received Import Request.
  Time since last request: 0.996618 seconds.
  path: Assets/03.Prefabs/Fish/fiveTier/005.prefab
  artifactKey: Guid(2c54d84d09f0c4642abd6c6f9162969b) Importer(815301076,1909f56bfc062723c751e8b465ee728b)
Start importing Assets/03.Prefabs/Fish/fiveTier/005.prefab using Guid(2c54d84d09f0c4642abd6c6f9162969b) Importer(815301076,1909f56bfc062723c751e8b465ee728b)  -> (artifact id: 'b204f4be67d7452f2519c104f7471171') in 0.012704 seconds 
========================================================================
Received Import Request.
  Time since last request: 1.381009 seconds.
  path: Assets/03.Prefabs/Fish/fiveTier/005.prefab
  artifactKey: Guid(2c54d84d09f0c4642abd6c6f9162969b) Importer(815301076,1909f56bfc062723c751e8b465ee728b)
Start importing Assets/03.Prefabs/Fish/fiveTier/005.prefab using Guid(2c54d84d09f0c4642abd6c6f9162969b) Importer(815301076,1909f56bfc062723c751e8b465ee728b)  -> (artifact id: '23484e6d94776a53f8bbc6395416b5ce') in 0.010490 seconds 
========================================================================
Received Import Request.
  Time since last request: 1.980021 seconds.
  path: Assets/03.Prefabs/Fish/fiveTier/005.prefab
  artifactKey: Guid(2c54d84d09f0c4642abd6c6f9162969b) Importer(815301076,1909f56bfc062723c751e8b465ee728b)
Start importing Assets/03.Prefabs/Fish/fiveTier/005.prefab using Guid(2c54d84d09f0c4642abd6c6f9162969b) Importer(815301076,1909f56bfc062723c751e8b465ee728b)  -> (artifact id: '797934e09a9ec7e63c854a7d4d2b0d51') in 0.007218 seconds 
========================================================================
Received Import Request.
  Time since last request: 3.430162 seconds.
  path: Assets/03.Prefabs/Fish/fiveTier/005.prefab
  artifactKey: Guid(2c54d84d09f0c4642abd6c6f9162969b) Importer(815301076,1909f56bfc062723c751e8b465ee728b)
Start importing Assets/03.Prefabs/Fish/fiveTier/005.prefab using Guid(2c54d84d09f0c4642abd6c6f9162969b) Importer(815301076,1909f56bfc062723c751e8b465ee728b)  -> (artifact id: '1b32aceebe5fd0c7dbeb4ec828e33229') in 0.008950 seconds 
========================================================================
Received Import Request.
  Time since last request: 2.637643 seconds.
  path: Assets/03.Prefabs/Fish/fiveTier/005.prefab
  artifactKey: Guid(2c54d84d09f0c4642abd6c6f9162969b) Importer(815301076,1909f56bfc062723c751e8b465ee728b)
Start importing Assets/03.Prefabs/Fish/fiveTier/005.prefab using Guid(2c54d84d09f0c4642abd6c6f9162969b) Importer(815301076,1909f56bfc062723c751e8b465ee728b)  -> (artifact id: '2bcb6b0a68b06b023b7706161b1902d1') in 0.007267 seconds 
========================================================================
Received Import Request.
  Time since last request: 1.580329 seconds.
  path: Assets/03.Prefabs/Fish/fiveTier/005.prefab
  artifactKey: Guid(2c54d84d09f0c4642abd6c6f9162969b) Importer(815301076,1909f56bfc062723c751e8b465ee728b)
Start importing Assets/03.Prefabs/Fish/fiveTier/005.prefab using Guid(2c54d84d09f0c4642abd6c6f9162969b) Importer(815301076,1909f56bfc062723c751e8b465ee728b)  -> (artifact id: 'bcdb2bcbf7af68f30d98b3e1f4087f4e') in 0.008166 seconds 
========================================================================
Received Import Request.
  Time since last request: 2.622839 seconds.
  path: Assets/03.Prefabs/Fish/fiveTier/005.prefab
  artifactKey: Guid(2c54d84d09f0c4642abd6c6f9162969b) Importer(815301076,1909f56bfc062723c751e8b465ee728b)
Start importing Assets/03.Prefabs/Fish/fiveTier/005.prefab using Guid(2c54d84d09f0c4642abd6c6f9162969b) Importer(815301076,1909f56bfc062723c751e8b465ee728b)  -> (artifact id: '6fdc3e8ae8e283ceb285e10ec66ba37c') in 0.007617 seconds 
========================================================================
Received Import Request.
  Time since last request: 3.996589 seconds.
  path: Assets/03.Prefabs/Fish/fiveTier/005.prefab
  artifactKey: Guid(2c54d84d09f0c4642abd6c6f9162969b) Importer(815301076,1909f56bfc062723c751e8b465ee728b)
Start importing Assets/03.Prefabs/Fish/fiveTier/005.prefab using Guid(2c54d84d09f0c4642abd6c6f9162969b) Importer(815301076,1909f56bfc062723c751e8b465ee728b)  -> (artifact id: '5dc6e70aaaacb96583c63bc5db1bc82e') in 0.009290 seconds 
========================================================================
Received Import Request.
  Time since last request: 1.808824 seconds.
  path: Assets/03.Prefabs/Fish/fiveTier/005.prefab
  artifactKey: Guid(2c54d84d09f0c4642abd6c6f9162969b) Importer(815301076,1909f56bfc062723c751e8b465ee728b)
Start importing Assets/03.Prefabs/Fish/fiveTier/005.prefab using Guid(2c54d84d09f0c4642abd6c6f9162969b) Importer(815301076,1909f56bfc062723c751e8b465ee728b)  -> (artifact id: '1f3f8c9542ccc0686ffa5976f621d599') in 0.007986 seconds 
========================================================================
Received Import Request.
  Time since last request: 6.681412 seconds.
  path: Assets/03.Prefabs/Fish/fiveTier/005.prefab
  artifactKey: Guid(2c54d84d09f0c4642abd6c6f9162969b) Importer(815301076,1909f56bfc062723c751e8b465ee728b)
Start importing Assets/03.Prefabs/Fish/fiveTier/005.prefab using Guid(2c54d84d09f0c4642abd6c6f9162969b) Importer(815301076,1909f56bfc062723c751e8b465ee728b)  -> (artifact id: '8288b7caa8d288938ed0c1068cce3c4f') in 0.008993 seconds 
========================================================================
Received Import Request.
  Time since last request: 2.201487 seconds.
  path: Assets/03.Prefabs/Fish/fiveTier/005.prefab
  artifactKey: Guid(2c54d84d09f0c4642abd6c6f9162969b) Importer(815301076,1909f56bfc062723c751e8b465ee728b)
Start importing Assets/03.Prefabs/Fish/fiveTier/005.prefab using Guid(2c54d84d09f0c4642abd6c6f9162969b) Importer(815301076,1909f56bfc062723c751e8b465ee728b)  -> (artifact id: '23a0fe2a202a414d1e2f59fcf1eb7e4f') in 0.008492 seconds 
========================================================================
Received Import Request.
  Time since last request: 4.670036 seconds.
  path: Assets/03.Prefabs/Fish/fiveTier/005.prefab
  artifactKey: Guid(2c54d84d09f0c4642abd6c6f9162969b) Importer(815301076,1909f56bfc062723c751e8b465ee728b)
Start importing Assets/03.Prefabs/Fish/fiveTier/005.prefab using Guid(2c54d84d09f0c4642abd6c6f9162969b) Importer(815301076,1909f56bfc062723c751e8b465ee728b)  -> (artifact id: '6cb0a15947991b299f36af21221d4b4a') in 0.011383 seconds 
========================================================================
Received Import Request.
  Time since last request: 3.395716 seconds.
  path: Assets/03.Prefabs/Fish/fiveTier/005.prefab
  artifactKey: Guid(2c54d84d09f0c4642abd6c6f9162969b) Importer(815301076,1909f56bfc062723c751e8b465ee728b)
Start importing Assets/03.Prefabs/Fish/fiveTier/005.prefab using Guid(2c54d84d09f0c4642abd6c6f9162969b) Importer(815301076,1909f56bfc062723c751e8b465ee728b)  -> (artifact id: 'b5af9dc18f1c4a735fbd4e81ed733e5d') in 0.011121 seconds 
========================================================================
Received Import Request.
  Time since last request: 1.172431 seconds.
  path: Assets/03.Prefabs/Fish/fiveTier/005.prefab
  artifactKey: Guid(2c54d84d09f0c4642abd6c6f9162969b) Importer(815301076,1909f56bfc062723c751e8b465ee728b)
Start importing Assets/03.Prefabs/Fish/fiveTier/005.prefab using Guid(2c54d84d09f0c4642abd6c6f9162969b) Importer(815301076,1909f56bfc062723c751e8b465ee728b)  -> (artifact id: '12837bf293252f7e27cdc6074e86e2cc') in 0.008544 seconds 
========================================================================
Received Import Request.
  Time since last request: 7.214151 seconds.
  path: Assets/03.Prefabs/Fish/sixTier/LV6.prefab
  artifactKey: Guid(66ecf2253f00948e69f7b797850d4736) Importer(815301076,1909f56bfc062723c751e8b465ee728b)
Start importing Assets/03.Prefabs/Fish/sixTier/LV6.prefab using Guid(66ecf2253f00948e69f7b797850d4736) Importer(815301076,1909f56bfc062723c751e8b465ee728b)  -> (artifact id: 'de003f3baa5f070d4a6e0f5dea17d255') in 0.010103 seconds 
========================================================================
Received Import Request.
  Time since last request: 1.398092 seconds.
  path: Assets/03.Prefabs/Fish/sixTier/LV6.prefab
  artifactKey: Guid(66ecf2253f00948e69f7b797850d4736) Importer(815301076,1909f56bfc062723c751e8b465ee728b)
Start importing Assets/03.Prefabs/Fish/sixTier/LV6.prefab using Guid(66ecf2253f00948e69f7b797850d4736) Importer(815301076,1909f56bfc062723c751e8b465ee728b)  -> (artifact id: 'fec5969e3e090f53e6724c25f8f0891b') in 0.008122 seconds 
========================================================================
Received Import Request.
  Time since last request: 1.421567 seconds.
  path: Assets/03.Prefabs/Fish/sixTier/LV6.prefab
  artifactKey: Guid(66ecf2253f00948e69f7b797850d4736) Importer(815301076,1909f56bfc062723c751e8b465ee728b)
Start importing Assets/03.Prefabs/Fish/sixTier/LV6.prefab using Guid(66ecf2253f00948e69f7b797850d4736) Importer(815301076,1909f56bfc062723c751e8b465ee728b)  -> (artifact id: 'a48c4953ac4a5e2f441a4af78c296c2e') in 0.008619 seconds 
========================================================================
Received Import Request.
  Time since last request: 1.529850 seconds.
  path: Assets/03.Prefabs/Fish/sixTier/LV6.prefab
  artifactKey: Guid(66ecf2253f00948e69f7b797850d4736) Importer(815301076,1909f56bfc062723c751e8b465ee728b)
Start importing Assets/03.Prefabs/Fish/sixTier/LV6.prefab using Guid(66ecf2253f00948e69f7b797850d4736) Importer(815301076,1909f56bfc062723c751e8b465ee728b)  -> (artifact id: 'd365ebbfcbb9bb63ee42a5b6da67a067') in 0.009443 seconds 
========================================================================
Received Import Request.
  Time since last request: 1.349657 seconds.
  path: Assets/03.Prefabs/Fish/sixTier/LV6.prefab
  artifactKey: Guid(66ecf2253f00948e69f7b797850d4736) Importer(815301076,1909f56bfc062723c751e8b465ee728b)
Start importing Assets/03.Prefabs/Fish/sixTier/LV6.prefab using Guid(66ecf2253f00948e69f7b797850d4736) Importer(815301076,1909f56bfc062723c751e8b465ee728b)  -> (artifact id: '32ca7546ea95d2ab9a71c648a6ba7a47') in 0.009525 seconds 
========================================================================
Received Import Request.
  Time since last request: 1.396717 seconds.
  path: Assets/03.Prefabs/Fish/sixTier/LV6.prefab
  artifactKey: Guid(66ecf2253f00948e69f7b797850d4736) Importer(815301076,1909f56bfc062723c751e8b465ee728b)
Start importing Assets/03.Prefabs/Fish/sixTier/LV6.prefab using Guid(66ecf2253f00948e69f7b797850d4736) Importer(815301076,1909f56bfc062723c751e8b465ee728b)  -> (artifact id: '9bbb88e6dc09940adca1a8e0d4037a5d') in 0.007927 seconds 
========================================================================
Received Import Request.
  Time since last request: 9.110785 seconds.
  path: Assets/03.Prefabs/Fish/sixTier/LV6.prefab
  artifactKey: Guid(66ecf2253f00948e69f7b797850d4736) Importer(815301076,1909f56bfc062723c751e8b465ee728b)
Start importing Assets/03.Prefabs/Fish/sixTier/LV6.prefab using Guid(66ecf2253f00948e69f7b797850d4736) Importer(815301076,1909f56bfc062723c751e8b465ee728b)  -> (artifact id: 'c472fb0354a6bd07bad28de74904653a') in 0.010220 seconds 
========================================================================
Received Import Request.
  Time since last request: 5.039803 seconds.
  path: Assets/03.Prefabs/Fish/sixTier/LV6.prefab
  artifactKey: Guid(66ecf2253f00948e69f7b797850d4736) Importer(815301076,1909f56bfc062723c751e8b465ee728b)
Start importing Assets/03.Prefabs/Fish/sixTier/LV6.prefab using Guid(66ecf2253f00948e69f7b797850d4736) Importer(815301076,1909f56bfc062723c751e8b465ee728b)  -> (artifact id: '45f884649724287d5668aa3cea1a4de3') in 0.007862 seconds 
========================================================================
Received Import Request.
  Time since last request: 2.598240 seconds.
  path: Assets/03.Prefabs/Fish/sixTier/LV6.prefab
  artifactKey: Guid(66ecf2253f00948e69f7b797850d4736) Importer(815301076,1909f56bfc062723c751e8b465ee728b)
Start importing Assets/03.Prefabs/Fish/sixTier/LV6.prefab using Guid(66ecf2253f00948e69f7b797850d4736) Importer(815301076,1909f56bfc062723c751e8b465ee728b)  -> (artifact id: '33376942c56cac55be619ca7bd8fad72') in 0.007305 seconds 
========================================================================
Received Import Request.
  Time since last request: 1.617535 seconds.
  path: Assets/03.Prefabs/Fish/sixTier/LV6.prefab
  artifactKey: Guid(66ecf2253f00948e69f7b797850d4736) Importer(815301076,1909f56bfc062723c751e8b465ee728b)
Start importing Assets/03.Prefabs/Fish/sixTier/LV6.prefab using Guid(66ecf2253f00948e69f7b797850d4736) Importer(815301076,1909f56bfc062723c751e8b465ee728b)  -> (artifact id: '505bf0d4f96e9d43d8b95489d61bad36') in 0.007376 seconds 
========================================================================
Received Import Request.
  Time since last request: 1.198060 seconds.
  path: Assets/03.Prefabs/Fish/sixTier/LV6.prefab
  artifactKey: Guid(66ecf2253f00948e69f7b797850d4736) Importer(815301076,1909f56bfc062723c751e8b465ee728b)
Start importing Assets/03.Prefabs/Fish/sixTier/LV6.prefab using Guid(66ecf2253f00948e69f7b797850d4736) Importer(815301076,1909f56bfc062723c751e8b465ee728b)  -> (artifact id: '761dfa1f88ea22b9141dbe662197ad70') in 0.010423 seconds 
========================================================================
Received Import Request.
  Time since last request: 2.262667 seconds.
  path: Assets/03.Prefabs/Fish/sixTier/LV6.prefab
  artifactKey: Guid(66ecf2253f00948e69f7b797850d4736) Importer(815301076,1909f56bfc062723c751e8b465ee728b)
Start importing Assets/03.Prefabs/Fish/sixTier/LV6.prefab using Guid(66ecf2253f00948e69f7b797850d4736) Importer(815301076,1909f56bfc062723c751e8b465ee728b)  -> (artifact id: '307f48cea36fab792fb639805ca27d41') in 0.008502 seconds 
========================================================================
Received Import Request.
  Time since last request: 4.440863 seconds.
  path: Assets/03.Prefabs/Fish/sixTier/LV6.prefab
  artifactKey: Guid(66ecf2253f00948e69f7b797850d4736) Importer(815301076,1909f56bfc062723c751e8b465ee728b)
Start importing Assets/03.Prefabs/Fish/sixTier/LV6.prefab using Guid(66ecf2253f00948e69f7b797850d4736) Importer(815301076,1909f56bfc062723c751e8b465ee728b)  -> (artifact id: '6544c3d009fd52c1bd77ccac4a1065df') in 0.007689 seconds 
========================================================================
Received Import Request.
  Time since last request: 3.421972 seconds.
  path: Assets/03.Prefabs/Fish/sixTier/LV6.prefab
  artifactKey: Guid(66ecf2253f00948e69f7b797850d4736) Importer(815301076,1909f56bfc062723c751e8b465ee728b)
Start importing Assets/03.Prefabs/Fish/sixTier/LV6.prefab using Guid(66ecf2253f00948e69f7b797850d4736) Importer(815301076,1909f56bfc062723c751e8b465ee728b)  -> (artifact id: '381171da72ba69109a46786ee3738721') in 0.009906 seconds 
========================================================================
Received Import Request.
  Time since last request: 3.232953 seconds.
  path: Assets/03.Prefabs/Fish/sixTier/LV6.prefab
  artifactKey: Guid(66ecf2253f00948e69f7b797850d4736) Importer(815301076,1909f56bfc062723c751e8b465ee728b)
Start importing Assets/03.Prefabs/Fish/sixTier/LV6.prefab using Guid(66ecf2253f00948e69f7b797850d4736) Importer(815301076,1909f56bfc062723c751e8b465ee728b)  -> (artifact id: 'fae74fcea40f6e50b24a88b2884b5a51') in 0.007908 seconds 
========================================================================
Received Import Request.
  Time since last request: 1.798623 seconds.
  path: Assets/03.Prefabs/Fish/sixTier/LV6.prefab
  artifactKey: Guid(66ecf2253f00948e69f7b797850d4736) Importer(815301076,1909f56bfc062723c751e8b465ee728b)
Start importing Assets/03.Prefabs/Fish/sixTier/LV6.prefab using Guid(66ecf2253f00948e69f7b797850d4736) Importer(815301076,1909f56bfc062723c751e8b465ee728b)  -> (artifact id: '77f8607876c2087c5446f09aa1052244') in 0.008319 seconds 
========================================================================
Received Prepare
Registering precompiled user dll's ...
Registered in 0.003030 seconds.
Begin MonoManager ReloadAssembly
Thread 0x28b807000 may have been prematurely finalized
Symbol file LoadedFromMemory doesn't match image /Users/bangseunghwan/Documents/GitHub/Voxel_Fishing/Voxel Fishing/Library/PackageCache/com.unity.visualscripting@1.7.8/Editor/VisualScripting.Core/Dependencies/DotNetZip/Unity.VisualScripting.IonicZip.dll
Symbol file LoadedFromMemory doesn't match image /Users/bangseunghwan/Documents/GitHub/Voxel_Fishing/Voxel Fishing/Library/PackageCache/com.unity.visualscripting@1.7.8/Editor/VisualScripting.Core/Dependencies/YamlDotNet/Unity.VisualScripting.YamlDotNet.dll
Native extension for iOS target not found
Native extension for Android target not found
Native extension for OSXStandalone target not found
Refreshing native plugins compatible for Editor in 0.90 ms, found 1 plugins.
Preloading 0 native plugins for Editor in 0.00 ms.
Failed while parsing XML file ProjectSettings/GvhProjectSettings.xml
System.Xml.XmlException: Root element is missing.
  at System.Xml.XmlTextReaderImpl.Throw (System.Exception e) [0x00027] in <4c49bab140d74653bb0df94ca16908b5>:0 
  at System.Xml.XmlTextReaderImpl.ThrowWithoutLineInfo (System.String res) [0x00017] in <4c49bab140d74653bb0df94ca16908b5>:0 
  at System.Xml.XmlTextReaderImpl.ParseDocumentContent () [0x0035d] in <4c49bab140d74653bb0df94ca16908b5>:0 
  at System.Xml.XmlTextReaderImpl.Read () [0x0008c] in <4c49bab140d74653bb0df94ca16908b5>:0 
  at System.Xml.XmlTextReader.Read () [0x00000] in <4c49bab140d74653bb0df94ca16908b5>:0 
  at Google.XmlUtilities+Reader..ctor (System.Xml.XmlTextReader xmlReader) [0x0001b] in /Users/chkuang/Workspace/git/unity-jar-resolver/source/VersionHandlerImpl/src/XmlUtilities.cs:69 
  at Google.XmlUtilities.ParseXmlTextFileElements (System.String filename, Google.Logger logger, Google.XmlUtilities+ParseElement parseElement) [0x0003c] in /Users/chkuang/Workspace/git/unity-jar-resolver/source/VersionHandlerImpl/src/XmlUtilities.cs:108 
UnityEngine.StackTraceUtility:ExtractStackTrace () (at /Users/bokken/buildslave/unity/build/Runtime/Export/Scripting/StackTrace.cs:37)
UnityEngine.DebugLogHandler:LogFormat (UnityEngine.LogType,UnityEngine.Object,string,object[])
UnityEngine.Logger:Log (UnityEngine.LogType,object)
UnityEngine.Debug:LogError (object)
Google.Logger:Log (string,Google.LogLevel) (at /Users/chkuang/Workspace/git/unity-jar-resolver/source/VersionHandlerImpl/src/Logger.cs:136)
Google.XmlUtilities:ParseXmlTextFileElements (string,Google.Logger,Google.XmlUtilities/ParseElement) (at /Users/chkuang/Workspace/git/unity-jar-resolver/source/VersionHandlerImpl/src/XmlUtilities.cs:149)
Google.ProjectSettings:Load () (at /Users/chkuang/Workspace/git/unity-jar-resolver/source/VersionHandlerImpl/src/ProjectSettings.cs:777)
Google.ProjectSettings:LoadIfEmpty () (at /Users/chkuang/Workspace/git/unity-jar-resolver/source/VersionHandlerImpl/src/ProjectSettings.cs:558)
Google.ProjectSettings:GetBool (string,bool,Google.SettingsLocation) (at /Users/chkuang/Workspace/git/unity-jar-resolver/source/VersionHandlerImpl/src/ProjectSettings.cs:606)
Google.ProjectSettings:GetBool (string,bool) (at /Users/chkuang/Workspace/git/unity-jar-resolver/source/VersionHandlerImpl/src/ProjectSettings.cs:619)
Google.IOSResolver:get_VerboseLoggingEnabled () (at /Users/chkuang/Workspace/git/unity-jar-resolver/source/IOSResolver/src/IOSResolver.cs:1005)
Google.IOSResolver:.cctor () (at /Users/chkuang/Workspace/git/unity-jar-resolver/source/IOSResolver/src/IOSResolver.cs:701)
System.Runtime.CompilerServices.RuntimeHelpers:RunClassConstructor (System.RuntimeTypeHandle)
UnityEditor.EditorAssemblies:ProcessInitializeOnLoadAttributes (System.Type[]) (at /Users/bokken/buildslave/unity/build/Editor/Mono/EditorAssemblies.cs:126)

(Filename: /Users/chkuang/Workspace/git/unity-jar-resolver/source/VersionHandlerImpl/src/XmlUtilities.cs Line: 149)

Mono: successfully reloaded assembly
- Completed reload, in  0.860 seconds
Domain Reload Profiling:
	ReloadAssembly (861ms)
		BeginReloadAssembly (83ms)
			ExecutionOrderSort (0ms)
			DisableScriptedObjects (4ms)
			BackupInstance (0ms)
			ReleaseScriptingObjects (0ms)
			CreateAndSetChildDomain (30ms)
		EndReloadAssembly (717ms)
			LoadAssemblies (37ms)
			RebuildTransferFunctionScriptingTraits (0ms)
			SetupTypeCache (187ms)
			ReleaseScriptCaches (1ms)
			RebuildScriptCaches (38ms)
			SetupLoadedEditorAssemblies (363ms)
				LogAssemblyErrors (0ms)
				InitializePlatformSupportModulesInManaged (16ms)
				SetLoadedEditorAssemblies (0ms)
				RefreshPlugins (1ms)
				BeforeProcessingInitializeOnLoad (60ms)
				ProcessInitializeOnLoadAttributes (236ms)
				ProcessInitializeOnLoadMethodAttributes (50ms)
				AfterProcessingInitializeOnLoad (1ms)
				EditorAssembliesLoaded (0ms)
			ExecutionOrderSort2 (0ms)
			AwakeInstancesAfterBackupRestoration (37ms)
Platform modules already initialized, skipping
Refreshing native plugins compatible for Editor in 3.54 ms, found 1 plugins.
Preloading 0 native plugins for Editor in 0.00 ms.
Unloading 5806 Unused Serialized files (Serialized files now loaded: 0)
Unloading 109 unused Assets / (0.8 MB). Loaded Objects now: 6357.
Memory consumption went from 388.2 MB to 387.4 MB.
Total: 3.574792 ms (FindLiveObjects: 0.215125 ms CreateObjectMapping: 0.106375 ms MarkObjects: 2.920042 ms  DeleteObjects: 0.332625 ms)

AssetImportParameters requested are different than current active one (requested -> active):
  custom:video-decoder-ogg-theora: a1e56fd34408186e4bbccfd4996cb3dc -> 
  custom:container-muxer-webm: aa71ff27fc2769a1b78a27578f13a17b -> 
  custom:container-demuxer-webm: 4f35f7cbe854078d1ac9338744f61a02 -> 
  custom:video-encoder-webm-vp8: eb34c28f22e8b96e1ab97ce403110664 -> 
  custom:framework-osx-AVFoundation: e770b220cccbd017edd2c1fefb359320 -> 
  custom:audio-encoder-webm-vorbis: bf7c407c2cedff20999df2af8eb42d56 -> 
  custom:container-demuxer-ogg: 62fdf1f143b41e24485cea50d1cbac27 -> 
  custom:video-decoder-webm-vp8: 9c59270c3fd7afecdb556c50c9e8de78 -> 
  custom:audio-decoder-ogg-vorbis: bf7c407c2cedff20999df2af8eb42d56 -> 
