report@config:load 38.84
Authorized using stored user info.
report@account:authorize 7.77
Exporting assets from Unity.......

[ Stage1 ] Assets exported from Unity and staged for further processing
report@unity:export 4044.94
report@config:load 25.61
Found custom rules for texture Assets/06.Sprite/FSW_MUI_Icon_07_Moneyx3_LineX.png
  {"maxWidth":512,"maxHeight":512,"format":"png32","compression":"quantSize","quality":65,"script":"","ext":"","name":"Assets/06.Sprite/","isOverride":true}
Found custom rules for texture Assets/06.Sprite/Fish_Icon_128 (1).png
  {"maxWidth":512,"maxHeight":512,"format":"png32","compression":"quantSize","quality":65,"script":"","ext":"","name":"Assets/06.Sprite/","isOverride":true}
Found custom rules for texture Assets/09.Assets/Joystick Pack/Sprites/All Axis Backgrounds/AllAxis_Plain.png
  {"maxWidth":512,"maxHeight":512,"format":"png32","compression":"quantSize","quality":65,"script":"","ext":"","name":"Assets/09.Assets/","isOverride":true}
Found custom rules for texture Assets/06.Sprite/FSW_MUI_00_00_Block_A.png
  {"maxWidth":512,"maxHeight":512,"format":"png32","compression":"quantSize","quality":65,"script":"","ext":"","name":"Assets/06.Sprite/","isOverride":true}
Found custom rules for texture Assets/06.Sprite/FSW_MUI_00_03_Slide_Panel.png
  {"maxWidth":512,"maxHeight":512,"format":"png32","compression":"quantSize","quality":65,"script":"","ext":"","name":"Assets/06.Sprite/","isOverride":true}
Found custom rules for texture Assets/ONE Mobile POP OTF SDF.asset
  {"maxWidth":256,"maxHeight":256,"format":"png32","compression":"none","quality":65,"script":"","ext":"","name":"Assets/ONE Mobile POP OTF SDF.asset","isOverride":true}
Found custom rules for texture Assets/06.Sprite/FSW_UI_Movement_01_Stick.png
  {"maxWidth":512,"maxHeight":512,"format":"png32","compression":"quantSize","quality":65,"script":"","ext":"","name":"Assets/06.Sprite/","isOverride":true}
Found custom rules for texture Assets/06.Sprite/FSW_UI_Movement_00_Stick_Range.png
  {"maxWidth":64,"maxHeight":64,"format":"png32","compression":"quantSize","quality":65,"script":"","ext":"","name":"Assets/06.Sprite/FSW_UI_Movement_00_Stick_Range.png","isOverride":true}
Found custom rules for texture Assets/06.Sprite/FSW_MUI_Icon_02_Fishing_Line_B.png
  {"maxWidth":512,"maxHeight":512,"format":"png32","compression":"quantSize","quality":65,"script":"","ext":"","name":"Assets/06.Sprite/","isOverride":true}
Found custom rules for texture Assets/06.Sprite/FSW_MUI_Icon_07_Money_LineO.png
  {"maxWidth":512,"maxHeight":512,"format":"png32","compression":"quantSize","quality":65,"script":"","ext":"","name":"Assets/06.Sprite/","isOverride":true}
Found custom rules for texture Assets/06.Sprite/TUI_01_SwipeHand_T01.png
  {"maxWidth":512,"maxHeight":512,"format":"png32","compression":"quantSize","quality":65,"script":"","ext":"","name":"Assets/06.Sprite/","isOverride":true}
Found custom rules for texture Assets/06.Sprite/FSW_MUI_Icon_06_Coin.png
  {"maxWidth":512,"maxHeight":512,"format":"png32","compression":"quantSize","quality":65,"script":"","ext":"","name":"Assets/06.Sprite/","isOverride":true}
Found custom rules for texture Assets/06.Sprite/FSW_MUI_Icon_01_Fishing_Needle_B.png
  {"maxWidth":512,"maxHeight":512,"format":"png32","compression":"quantSize","quality":65,"script":"","ext":"","name":"Assets/06.Sprite/","isOverride":true}
Found custom rules for texture Assets/ONE Mobile POP OTF SDF_OutLine.asset
  {"maxWidth":256,"maxHeight":256,"format":"png32","compression":"none","quality":65,"script":"","ext":"","name":"Assets/ONE Mobile POP OTF SDF_OutLine.asset","isOverride":true}
Found custom rules for texture Assets/06.Sprite/FSW_MUI_00_01_Block_B.png
  {"maxWidth":512,"maxHeight":512,"format":"png32","compression":"quantSize","quality":65,"script":"","ext":"","name":"Assets/06.Sprite/","isOverride":true}
Found custom rules for texture Assets/06.Sprite/FSW_MUI_00_01_Block_C.png
  {"maxWidth":512,"maxHeight":512,"format":"png32","compression":"quantSize","quality":65,"script":"","ext":"","name":"Assets/06.Sprite/","isOverride":true}
Found custom rules for texture Assets/06.Sprite/FSW_MUI_Icon_00_Setting.png
  {"maxWidth":512,"maxHeight":512,"format":"png32","compression":"quantSize","quality":65,"script":"","ext":"","name":"Assets/06.Sprite/","isOverride":true}
Found custom rules for texture Assets/06.Sprite/FSW_MUI_Icon_05_Close.png
  {"maxWidth":512,"maxHeight":512,"format":"png32","compression":"quantSize","quality":65,"script":"","ext":"","name":"Assets/06.Sprite/","isOverride":true}
Found custom rules for texture Assets/06.Sprite/RF_Luna_Button.png
  {"maxWidth":512,"maxHeight":512,"format":"png32","compression":"quantSize","quality":65,"script":"","ext":"","name":"Assets/06.Sprite/","isOverride":true}
Found custom rules for texture Assets/06.Sprite/FSW_MUI_Icon_03_Fishing_Reel_B.png
  {"maxWidth":512,"maxHeight":512,"format":"png32","compression":"quantSize","quality":65,"script":"","ext":"","name":"Assets/06.Sprite/","isOverride":true}
Found custom rules for texture Assets/06.Sprite/Setting_Panel/FSW_MUI_00_01_Button_Slider.png
  {"maxWidth":512,"maxHeight":512,"format":"png32","compression":"quantSize","quality":65,"script":"","ext":"","name":"Assets/06.Sprite/","isOverride":true}
Found custom rules for texture Assets/06.Sprite/Setting_Panel/FSW_MUI_00_01_Block_D.png
  {"maxWidth":64,"maxHeight":64,"format":"png32","compression":"quantSize","quality":65,"script":"","ext":"","name":"Assets/06.Sprite/Setting_Panel/FSW_MUI_00_01_Block_D.png","isOverride":true}
Found custom rules for texture Assets/06.Sprite/Setting_Panel/FSW_MUI_00_01_Button_A.png
  {"maxWidth":512,"maxHeight":512,"format":"png32","compression":"quantSize","quality":65,"script":"","ext":"","name":"Assets/06.Sprite/","isOverride":true}
Found custom rules for texture Assets/06.Sprite/FSW_MUI_Icon_04_Upgrade.png
  {"maxWidth":512,"maxHeight":512,"format":"png32","compression":"quantSize","quality":65,"script":"","ext":"","name":"Assets/06.Sprite/","isOverride":true}
Found custom rules for texture Assets/06.Sprite/FSW_BG_00_01_middle.png
  {"maxWidth":512,"maxHeight":512,"format":"png32","compression":"quantSize","quality":65,"script":"","ext":"","name":"Assets/06.Sprite/","isOverride":true}
Found custom rules for texture Assets/06.Sprite/RF_Title.png
  {"maxWidth":512,"maxHeight":512,"format":"png32","compression":"quantSize","quality":65,"script":"","ext":"","name":"Assets/06.Sprite/","isOverride":true}
Found custom rules for texture Assets/06.Sprite/FSW_BG_00_00_Front.png
  {"maxWidth":512,"maxHeight":512,"format":"png32","compression":"quantSize","quality":65,"script":"","ext":"","name":"Assets/06.Sprite/","isOverride":true}
Found custom rules for texture Assets/06.Sprite/FSW_BG_Clound_02.png
  {"maxWidth":512,"maxHeight":512,"format":"png32","compression":"quantSize","quality":65,"script":"","ext":"","name":"Assets/06.Sprite/","isOverride":true}
Found custom rules for texture Assets/06.Sprite/FSW_BG_Clound_00.png
  {"maxWidth":512,"maxHeight":512,"format":"png32","compression":"quantSize","quality":65,"script":"","ext":"","name":"Assets/06.Sprite/","isOverride":true}
Found custom rules for texture Assets/06.Sprite/FSW_BG_Clound_01.png
  {"maxWidth":512,"maxHeight":512,"format":"png32","compression":"quantSize","quality":65,"script":"","ext":"","name":"Assets/06.Sprite/","isOverride":true}
Found custom rules for texture Assets/06.Sprite/Fire/Fishing_Fire_01.png
  {"maxWidth":512,"maxHeight":512,"format":"png32","compression":"quantSize","quality":65,"script":"","ext":"","name":"Assets/06.Sprite/","isOverride":true}
Found custom rules for texture Assets/06.Sprite/Fire/Fishing_Fire_03.png
  {"maxWidth":512,"maxHeight":512,"format":"png32","compression":"quantSize","quality":65,"script":"","ext":"","name":"Assets/06.Sprite/","isOverride":true}
Found custom rules for texture Assets/06.Sprite/Fire/Fishing_Fire_00.png
  {"maxWidth":512,"maxHeight":512,"format":"png32","compression":"quantSize","quality":65,"script":"","ext":"","name":"Assets/06.Sprite/","isOverride":true}
Found custom rules for texture Assets/06.Sprite/Fire/Fishing_Fire_02.png
  {"maxWidth":512,"maxHeight":512,"format":"png32","compression":"quantSize","quality":65,"script":"","ext":"","name":"Assets/06.Sprite/","isOverride":true}
Found custom rules for texture Assets/06.Sprite/Sea_Sky/FSW_BG_Sea_04.png
  {"maxWidth":512,"maxHeight":512,"format":"png32","compression":"quantSize","quality":65,"script":"","ext":"","name":"Assets/06.Sprite/","isOverride":true}
Found custom rules for texture Assets/06.Sprite/FSW_BG_Sea_00.png
  {"maxWidth":512,"maxHeight":512,"format":"png32","compression":"quantSize","quality":65,"script":"","ext":"","name":"Assets/06.Sprite/","isOverride":true}
Found custom rules for texture Assets/06.Sprite/Sea_Sky/FSW_BG_Sea_02.png
  {"maxWidth":512,"maxHeight":512,"format":"png32","compression":"quantSize","quality":65,"script":"","ext":"","name":"Assets/06.Sprite/","isOverride":true}
Found custom rules for texture Assets/06.Sprite/Money.png
  {"maxWidth":512,"maxHeight":512,"format":"png32","compression":"quantSize","quality":65,"script":"","ext":"","name":"Assets/06.Sprite/","isOverride":true}
Found custom rules for texture Assets/06.Sprite/ring.png
  {"maxWidth":512,"maxHeight":512,"format":"png32","compression":"quantSize","quality":65,"script":"","ext":"","name":"Assets/06.Sprite/","isOverride":true}
Found custom rules for texture Assets/06.Sprite/soap_bubbles_PNG15.png
  {"maxWidth":128,"maxHeight":128,"format":"png32","compression":"quantSize","quality":65,"script":"","ext":"","name":"Assets/06.Sprite/soap_bubbles_PNG15.png","isOverride":true}
Found custom rules for texture Assets/04.Models/Hat/Stickman_01.png
  {"maxWidth":512,"maxHeight":512,"format":"png32","compression":"quantSize","quality":65,"script":"","ext":"","name":"Assets/04.Models/","isOverride":true}
Found custom rules for texture Assets/06.Sprite/Fish_Jun_Lv01_Mat_256_Luna.png
  {"maxWidth":512,"maxHeight":512,"format":"png32","compression":"quantSize","quality":65,"script":"","ext":"","name":"Assets/06.Sprite/","isOverride":true}
Found custom rules for texture Assets/06.Sprite/Fishing_Under_Dirt_Another.png
  {"maxWidth":512,"maxHeight":512,"format":"png32","compression":"quantSize","quality":65,"script":"","ext":"","name":"Assets/06.Sprite/","isOverride":true}
Found custom rules for texture Assets/05.Materials/LV3.png
  {"maxWidth":64,"maxHeight":64,"format":"png32","compression":"quantSize","quality":65,"script":"","ext":"","name":"Assets/05.Materials/LV3.png","isOverride":true}
Found custom rules for texture Assets/05.Materials/LV5.png
  {"maxWidth":512,"maxHeight":512,"format":"png32","compression":"quantSize","quality":65,"script":"","ext":"","name":"Assets/05.Materials/","isOverride":true}
Found custom rules for texture Assets/04.Models/Treasure_Box/Fishing_Under_Dirt_Another.png
  {"maxWidth":512,"maxHeight":512,"format":"png32","compression":"quantSize","quality":65,"script":"","ext":"","name":"Assets/04.Models/","isOverride":true}
Found custom rules for texture Assets/04.Models/256_Luna/FSW_Ship_256_Luna.png
  {"maxWidth":512,"maxHeight":512,"format":"png32","compression":"quantSize","quality":65,"script":"","ext":"","name":"Assets/04.Models/","isOverride":true}
Resources:
{"unity.preloader.icon":"resources/unity.preloader.icon.png"}
report@assets:stage2 3495.12
report@assets:stage3 272.13
[ Stage2 ] Assets postprocessed and bundled successfully
report@config:unity 0.46
report@config:load 30.69
report@config:unity 0.19
report@code:compose 102.36
PHC: LP error code not found in JSON: 3013, JSON file might be outdated. Error message: Sequence contains no matching element

PHC: LP error code not found in JSON: 3013, JSON file might be outdated. Error message: Sequence contains no matching element
PHC: LP error code not found in JSON: 3013, JSON file might be outdated. Error message: Sequence contains no matching element
PHC: LP error code not found in JSON: 3013, JSON file might be outdated. Error message: Sequence contains no matching element

Diagnostics gathered successfully
Microsoft (R) Visual C# Compile
r version 3.10.0-3.21201.20 (ee26791a)

Copyright (C) Microsoft Corporation. All rights reserved.



error CS2001: Source file '/Users/bangseunghwan/Downloads/5.1.0/Fishing/LunaTemp/Assemblies/Assembly-CSharp.dll' could not be found.

[ error ] $1
[ error ] $Assets bundling failed
Error: CODE_BUNDLE
    at _0xb52ba.action (/Users/bangseunghwan/Downloads/5.1.0/pipeline/Jakefile.js:6:2936043)
    at processTicksAndRejections (node:internal/process/task_queues:96:5)
